<?xml version="1.0" encoding="UTF-8"?>
<!-- Generated by org.testng.reporters.JUnitXMLReporter -->
<testsuite ignored="0" hostname="YV-Jerry" failures="0" tests="3" name="Default test" time="24.379" errors="0" timestamp="2022-02-25T14:09:25 WAT">
  <testcase classname="admin.ProfileTest" name="ValidateProfilePage" time="6.262"/>
  <testcase classname="admin.ProfileTest" name="InvalidPhoneNumberFormat" time="0.277"/>
  <testcase classname="admin.ProfileTest" name="InvalidPhoneNumberFormat" time="0.985"/>
</testsuite> <!-- Default test -->
