<?xml version="1.0" encoding="UTF-8"?>
<!-- Generated by org.testng.reporters.JUnitXMLReporter -->
<testsuite ignored="0" hostname="YV-Jerry" failures="0" tests="16" name="Default test" time="48.06" errors="0" timestamp="2022-02-28T14:48:47 WAT">
  <testcase classname="admin.ProfileTest" name="ValidateProfilePage" time="6.175"/>
  <testcase classname="admin.ProfileTest" name="ValidateProfileInformation" time="0.375"/>
  <testcase classname="admin.ProfileTest" name="ValidateProfileImageUpload" time="4.161"/>
  <testcase classname="admin.ProfileTest" name="ValidateFirstNameEdit" time="3.909"/>
  <testcase classname="admin.ProfileTest" name="ValidateLastNameEdit" time="3.774"/>
  <testcase classname="admin.ProfileTest" name="ValidatePhoneNumberEdit" time="6.616"/>
  <testcase classname="admin.ProfileTest" name="InvalidPhoneNumberFormat" time="0.1"/>
  <testcase classname="admin.ProfileTest" name="InvalidPhoneNumberFormat" time="0.068"/>
  <testcase classname="admin.ProfileTest" name="ValidateGenderEdit" time="0.044"/>
  <testcase classname="admin.ProfileTest" name="ValidateEmailAddressEdit" time="0.046"/>
  <testcase classname="admin.ProfileTest" name="ValidateConFirmPasswordField" time="0.715"/>
  <testcase classname="admin.ProfileTest" name="ValidatePasswordTips" time="0.846"/>
  <testcase classname="admin.ProfileTest" name="EmptyCurrentPasswordField" time="0.288"/>
  <testcase classname="admin.ProfileTest" name="ValidateNewPasswordMatch" time="0.327"/>
  <testcase classname="admin.ProfileTest" name="InvalidCurrentPassword" time="3.375"/>
  <testcase classname="admin.ProfileTest" name="InvalidCurrentPassword" time="3.495"/>
</testsuite> <!-- Default test -->
