<?xml version="1.0" encoding="UTF-8"?>
<!-- Generated by org.testng.reporters.JUnitXMLReporter -->
<testsuite ignored="1" hostname="YV-Jerry" failures="5" tests="153" name="Testing Admin Portal" time="2498.847" errors="0" timestamp="2022-03-07T12:24:02 WAT">
  <testcase classname="admin.AdminLoginTest" name="EmptyEmailAddressField" time="0.09"/>
  <testcase classname="admin.AdminLoginTest" name="InvalidEmailAddressNotFound" time="3.586"/>
  <testcase classname="admin.AdminLoginTest" name="InvalidEmailAddressNotFound" time="4.092"/>
  <testcase classname="admin.AdminLoginTest" name="InvalidEmailAddressFormat" time="0.132"/>
  <testcase classname="admin.AdminLoginTest" name="InvalidEmailAddressFormat" time="0.108"/>
  <testcase classname="admin.AdminLoginTest" name="ValidEmailAddress" time="1.731">
    <failure type="java.lang.AssertionError" message="expected [true] but found [false]">
      <![CDATA[java.lang.AssertionError: expected [true] but found [false]
at admin.AdminLoginTest.ValidEmailAddress(AdminLoginTest.java:66)
at java.base/java.util.ArrayList.forEach(ArrayList.java:1511)
... Removed 31 stack frames]]>
    </failure>
  </testcase> <!-- ValidEmailAddress -->
  <testcase classname="admin.AdminLoginTest" name="ValidateBackButton" time="0.434"/>
  <testcase classname="admin.AdminLoginTest" name="ValidateSuccessfulAdminLogin" time="4.294"/>
  <testcase classname="admin.AdminLoginTest" name="ValidateLogout" time="0.866"/>
  <testcase classname="admin.ForgotPasswordTest" name="ValidateForgotPasswordLink" time="1.664"/>
  <testcase classname="admin.ForgotPasswordTest" name="InvalidEmailAddressFormat" time="0.119"/>
  <testcase classname="admin.ForgotPasswordTest" name="InvalidEmailAddressFormat" time="1.963"/>
  <testcase classname="admin.ForgotPasswordTest" name="InvalidEmailAddressNotFound" time="0.635"/>
  <testcase classname="admin.ForgotPasswordTest" name="InvalidEmailAddressNotFound" time="0.619"/>
  <testcase classname="admin.ForgotPasswordTest" name="ValidateSuccessfulResetPassword" time="0.446"/>
  <testcase classname="admin.ForgotPasswordTest" name="ValidateSuccessfulResetPassword" time="0.402"/>
  <testcase classname="admin.ForgotPasswordTest" name="ValidateBackToLoginLink" time="0.096"/>
  <testcase classname="admin.CouponTest" name="ValidateCouponPage" time="6.328"/>
  <testcase classname="admin.CouponTest" name="ValidateAutosuggestiveSearchBar" time="0.227"/>
  <testcase classname="admin.CouponTest" name="ValidateCategoryDropdownList" time="0.189"/>
  <testcase classname="admin.CouponTest" name="ValidateSingleCategoryQuantityField" time="0.373"/>
  <testcase classname="admin.CouponTest" name="ValidateSingleAgentField" time="0.082"/>
  <testcase classname="admin.CouponTest" name="ValidateMultipleCategoryQuanityField" time="0.136"/>
  <testcase classname="admin.CouponTest" name="EmptyDateField" time="0.453"/>
  <testcase classname="admin.CouponTest" name="ValidateEndDateCheck" time="0.53"/>
  <testcase classname="admin.CouponTest" name="ValidateMultipleCategoryQuanityFieldFormat" time="1.595"/>
  <testcase classname="admin.CouponTest" name="ValidateMultipleCategoryQuanityFieldFormat" time="2.022"/>
  <testcase classname="admin.CouponTest" name="ValidateDiscountTypeDropdownList" time="0.053"/>
  <testcase classname="admin.CouponTest" name="EmptyCouponCodeField" time="2.262"/>
  <testcase classname="admin.CouponTest" name="EmptyDiscountValueField" time="2.098"/>
  <testcase classname="admin.CouponTest" name="ValidateDiscountPercentageValueFormat" time="2.036"/>
  <testcase classname="admin.CouponTest" name="ValidateDiscountAmountValueFormat" time="2.281"/>
  <testcase classname="admin.CouponTest" name="SuccessfulSingleCouponRequestOnline" time="15.403"/>
  <testcase classname="admin.CouponTest" name="SuccessfulMultipleCouponRequestOnline" time="7.95"/>
  <testcase classname="admin.CouponTest" name="ValidateGeneratedCouponList" time="66.834"/>
  <testcase classname="admin.CouponTest" name="ValidateGenerateCouponCategoryDropdownList" time="0.08"/>
  <testcase classname="admin.CouponTest" name="ValidateSingleCouponFilter" time="88.375"/>
  <testcase classname="admin.CouponTest" name="ValidateClearSingleList" time="36.479"/>
  <testcase classname="admin.CouponTest" name="ValidateMultipleCouponFilter" time="107.147">
    <failure type="java.lang.AssertionError" message="expected [136] but found [116]">
      <![CDATA[java.lang.AssertionError: expected [136] but found [116]
at admin.CouponTest.ValidateMultipleCouponFilter(CouponTest.java:521)
at java.base/java.util.ArrayList.forEach(ArrayList.java:1511)
... Removed 33 stack frames]]>
    </failure>
  </testcase> <!-- ValidateMultipleCouponFilter -->
  <testcase classname="admin.CouponTest" name="ValidateClearMultipleList" time="0.0">
    <skipped/>
  </testcase> <!-- ValidateClearMultipleList -->
  <testcase classname="admin.CouponTest" name="ValidateGeneratedListHeader" time="0.347"/>
  <testcase classname="admin.CouponTest" name="ValidateGeneratedCouponCardResponse" time="4.465">
    <failure type="java.lang.AssertionError" message="The following asserts failed:
	Lists differ at element [0]: Status !=  expected [Status] but found []">
      <![CDATA[java.lang.AssertionError: The following asserts failed:
Lists differ at element [0]: Status !=  expected [Status] but found []
at admin.CouponTest.ValidateGeneratedCouponCardResponse(CouponTest.java:595)
at java.base/java.util.ArrayList.forEach(ArrayList.java:1511)
... Removed 29 stack frames]]>
    </failure>
  </testcase> <!-- ValidateGeneratedCouponCardResponse -->
  <testcase classname="admin.CouponTest" name="ValidateDownloadCSVButton" time="6.433"/>
  <testcase classname="admin.IdentityTest" name="ValidateIdentityPage" time="7.104"/>
  <testcase classname="admin.IdentityTest" name="ValidateIdentityListHeader" time="0.103"/>
  <testcase classname="admin.IdentityTest" name="ValidateStatusDropdownList" time="0.08"/>
  <testcase classname="admin.IdentityTest" name="ValidateVerifiedStatusField" time="114.026"/>
  <testcase classname="admin.IdentityTest" name="ValidateClearVerifiedList" time="48.202"/>
  <testcase classname="admin.IdentityTest" name="ValidateNotVerifiedStatusField" time="120.398"/>
  <testcase classname="admin.IdentityTest" name="ValidateClearNotVerifiedList" time="48.38"/>
  <testcase classname="admin.IdentityTest" name="ValidatePendingStatusField" time="116.997"/>
  <testcase classname="admin.IdentityTest" name="ValidateClearPendingList" time="48.431"/>
  <testcase classname="admin.IdentityTest" name="ValidateIncompleteStatusField" time="112.345"/>
  <testcase classname="admin.IdentityTest" name="ValidateClearIncompleteList" time="48.464"/>
  <testcase classname="admin.IdentityTest" name="ValidateServiceDownStatusField" time="52.45"/>
  <testcase classname="admin.IdentityTest" name="ValidateClearServiceDownList" time="48.377"/>
  <testcase classname="admin.IdentityTest" name="ValidateAllLGAFilter" time="8.545"/>
  <testcase classname="admin.IdentityTest" name="ValidateAllLGAFilter" time="20.382"/>
  <testcase classname="admin.IdentityTest" name="ValidateVerifiedLGAFilter" time="20.346"/>
  <testcase classname="admin.IdentityTest" name="ValidateVerifiedLGAFilter" time="20.293"/>
  <testcase classname="admin.IdentityTest" name="ValidateNotVerifiedLGAFilter" time="20.435"/>
  <testcase classname="admin.IdentityTest" name="ValidateNotVerifiedLGAFilter" time="20.293"/>
  <testcase classname="admin.IdentityTest" name="ValidatePendingLGAFilter" time="20.241"/>
  <testcase classname="admin.IdentityTest" name="ValidatePendingLGAFilter" time="20.261"/>
  <testcase classname="admin.IdentityTest" name="ValidateIncompleteLGAFilter" time="20.156"/>
  <testcase classname="admin.IdentityTest" name="ValidateIncompleteLGAFilter" time="20.251"/>
  <testcase classname="admin.IdentityTest" name="ValidateServiceDownLGAFilter" time="37.549"/>
  <testcase classname="admin.IdentityTest" name="ValidateServiceDownLGAFilter" time="35.314"/>
  <testcase classname="admin.IdentityTest" name="ValidateCSVButtonAllStatus" time="6.257"/>
  <testcase classname="admin.IdentityTest" name="ValidateCSVButtonVerifiedStatus" time="6.225"/>
  <testcase classname="admin.IdentityTest" name="ValidateCSVButtonNotVerifiedStatus" time="6.196"/>
  <testcase classname="admin.IdentityTest" name="ValidateCSVButtonPendingStatus" time="6.177"/>
  <testcase classname="admin.IdentityTest" name="ValidateCSVButtonIncompleteStatus" time="6.172"/>
  <testcase classname="admin.IdentityTest" name="ValidateCSVButtonServiceDownStatus" time="21.334"/>
  <testcase classname="admin.IdentityTest" name="ValidateIdentityCardResponse" time="122.212"/>
  <testcase classname="admin.AddressTest" name="ValidateAddressPage" time="8.472"/>
  <testcase classname="admin.AddressTest" name="ValidateAddressListHeader" time="0.116"/>
  <testcase classname="admin.PermitTest" name="ValidatePermitPage" time="5.293"/>
  <testcase classname="admin.PermitTest" name="ValidatePermitListHeader" time="0.089"/>
  <testcase classname="admin.PermitTest" name="ValidatePermitArrangement" time="0.32"/>
  <testcase classname="admin.PermitTest" name="ValidateStatusDropodownList" time="0.066"/>
  <testcase classname="admin.PermitTest" name="ValidateAllStatusFilter" time="9.825"/>
  <testcase classname="admin.PermitTest" name="ValidateActiveStatusFilter" time="16.343"/>
  <testcase classname="admin.PermitTest" name="ValidateDisabledStatusFilter" time="27.775"/>
  <testcase classname="admin.PermitTest" name="ValidateSearchBar" time="34.722"/>
  <testcase classname="admin.PermitTest" name="ValidateSearchBar" time="34.72"/>
  <testcase classname="admin.PermitTest" name="ValidateSetPermitButton" time="10.107"/>
  <testcase classname="admin.PermitTest" name="ValidateActiveStatusButton" time="6.813"/>
  <testcase classname="admin.PermitTest" name="ValidateDisabledStatusButton" time="6.441"/>
  <testcase classname="admin.PermitTest" name="ValidateStatusButtonResponse" time="19.755"/>
  <testcase classname="admin.PermitTest" name="ValidateDuplicatePermitResponse" time="1.175"/>
  <testcase classname="admin.CompaniesTest" name="ValidateCompaniesPage" time="7.396"/>
  <testcase classname="admin.CompaniesTest" name="ValidateCompaniesListHeader" time="0.168"/>
  <testcase classname="admin.CompaniesTest" name="ValidateInviteCompanyButton" time="3.619"/>
  <testcase classname="admin.CompaniesTest" name="EmptyBusinessCategoryField" time="2.028"/>
  <testcase classname="admin.CompaniesTest" name="EmptyEmailField" time="1.07"/>
  <testcase classname="admin.CompaniesTest" name="InvalidEmailFormat" time="0.944"/>
  <testcase classname="admin.CompaniesTest" name="InvalidEmailFormat" time="0.874"/>
  <testcase classname="admin.CompaniesTest" name="EmptyBusinessNameField" time="0.889"/>
  <testcase classname="admin.CompaniesTest" name="EmptyTradeNameField" time="1.02"/>
  <testcase classname="admin.CompaniesTest" name="EmptyAdminFirstNameField" time="1.074"/>
  <testcase classname="admin.CompaniesTest" name="EmptyAdminLastNameField" time="0.868"/>
  <testcase classname="admin.CompaniesTest" name="EmptyPhoneNumberField" time="3.836"/>
  <testcase classname="admin.CompaniesTest" name="InvalidPhoneNumberFormat" time="3.589"/>
  <testcase classname="admin.CompaniesTest" name="InvalidPhoneNumberFormat" time="3.559"/>
  <testcase classname="admin.CompaniesTest" name="SuccessfulCompanyInvite" time="21.881"/>
  <testcase classname="admin.CompaniesTest" name="ValidateExistingEmailInvite" time="3.831"/>
  <testcase classname="admin.CompaniesTest" name="ValidateInvitedCompanyStatus" time="30.421"/>
  <testcase classname="admin.CompaniesTest" name="ValidateActiveCompanyStatus" time="0.55"/>
  <testcase classname="admin.ProfileTest" name="ValidateProfilePage" time="7.033"/>
  <testcase classname="admin.ProfileTest" name="ValidateProfileInformation" time="0.382"/>
  <testcase classname="admin.ProfileTest" name="ValidateProfileImageUpload" time="4.09"/>
  <testcase classname="admin.ProfileTest" name="ValidateFirstNameEdit" time="3.672"/>
  <testcase classname="admin.ProfileTest" name="ValidateLastNameEdit" time="3.275"/>
  <testcase classname="admin.ProfileTest" name="ValidatePhoneNumberEdit" time="6.336"/>
  <testcase classname="admin.ProfileTest" name="InvalidPhoneNumberFormat" time="0.053"/>
  <testcase classname="admin.ProfileTest" name="InvalidPhoneNumberFormat" time="0.041"/>
  <testcase classname="admin.ProfileTest" name="ValidateGenderEdit" time="0.028"/>
  <testcase classname="admin.ProfileTest" name="ValidateEmailAddressEdit" time="0.023"/>
  <testcase classname="admin.ProfileTest" name="ValidateConFirmPasswordField" time="0.645"/>
  <testcase classname="admin.ProfileTest" name="ValidatePasswordTips" time="0.759"/>
  <testcase classname="admin.ProfileTest" name="EmptyCurrentPasswordField" time="0.217"/>
  <testcase classname="admin.ProfileTest" name="ValidateNewPasswordMatch" time="0.215">
    <failure type="java.lang.AssertionError" message="The following asserts failed:
	expected [Must be the same as new password] but found []">
      <![CDATA[java.lang.AssertionError: The following asserts failed:
expected [Must be the same as new password] but found []
at admin.ProfileTest.ValidateNewPasswordMatch(ProfileTest.java:247)
at java.base/java.util.ArrayList.forEach(ArrayList.java:1511)
... Removed 29 stack frames]]>
    </failure>
  </testcase> <!-- ValidateNewPasswordMatch -->
  <testcase classname="admin.ProfileTest" name="InvalidCurrentPassword" time="3.631"/>
  <testcase classname="admin.ProfileTest" name="InvalidCurrentPassword" time="15.266">
    <failure type="org.openqa.selenium.ElementNotInteractableException" message="element not interactable
  (Session info: chrome=99.0.4844.51)
Build info: version: &amp;apos;4.1.2&amp;apos;, revision: &amp;apos;9a5a329c5a&amp;apos;
System info: host: &amp;apos;YV-Jerry&amp;apos;, ip: &amp;apos;fe80:0:0:0:4e5:8dee:67cc:a813%en0&amp;apos;, os.name: &amp;apos;Mac OS X&amp;apos;, os.arch: &amp;apos;x86_64&amp;apos;, os.version: &amp;apos;11.0&amp;apos;, java.version: &amp;apos;16.0.2&amp;apos;
Driver info: org.openqa.selenium.chrome.ChromeDriver
Command: [d4995f641d537f3aa91576dc2bd2b3e1, clickElement {id=5c5e8145-ec74-487e-bf1d-972c92cf517a}]
Capabilities {acceptInsecureCerts: false, browserName: chrome, browserVersion: 99.0.4844.51, chrome: {chromedriverVersion: 99.0.4844.51 (d537ec02474b5..., userDataDir: /var/folders/8c/dvnzzls14cz...}, goog:chromeOptions: {debuggerAddress: localhost:54631}, javascriptEnabled: true, networkConnectionEnabled: false, pageLoadStrategy: normal, platform: MAC, platformName: MAC, proxy: Proxy(), se:cdp: ws://localhost:54631/devtoo..., se:cdpVersion: 99.0.4844.51, setWindowRect: true, strictFileInteractability: false, timeouts: {implicit: 0, pageLoad: 300000, script: 30000}, unhandledPromptBehavior: dismiss and notify, webauthn:extension:credBlob: true, webauthn:extension:largeBlob: true, webauthn:virtualAuthenticators: true}
Element: [[ChromeDriver: chrome on MAC (d4995f641d537f3aa91576dc2bd2b3e1)] -&amp;gt; xpath: //div[@id=&amp;apos;change-password-modal&amp;apos;] //button[text()=&amp;apos; Change Password &amp;apos;]]
Session ID: d4995f641d537f3aa91576dc2bd2b3e1">
      <![CDATA[org.openqa.selenium.ElementNotInteractableException: element not interactable
  (Session info: chrome=99.0.4844.51)
Build info: version: '4.1.2', revision: '9a5a329c5a'
System info: host: 'YV-Jerry', ip: 'fe80:0:0:0:4e5:8dee:67cc:a813%en0', os.name: 'Mac OS X', os.arch: 'x86_64', os.version: '11.0', java.version: '16.0.2'
Driver info: org.openqa.selenium.chrome.ChromeDriver
Command: [d4995f641d537f3aa91576dc2bd2b3e1, clickElement {id=5c5e8145-ec74-487e-bf1d-972c92cf517a}]
Capabilities {acceptInsecureCerts: false, browserName: chrome, browserVersion: 99.0.4844.51, chrome: {chromedriverVersion: 99.0.4844.51 (d537ec02474b5..., userDataDir: /var/folders/8c/dvnzzls14cz...}, goog:chromeOptions: {debuggerAddress: localhost:54631}, javascriptEnabled: true, networkConnectionEnabled: false, pageLoadStrategy: normal, platform: MAC, platformName: MAC, proxy: Proxy(), se:cdp: ws://localhost:54631/devtoo..., se:cdpVersion: 99.0.4844.51, setWindowRect: true, strictFileInteractability: false, timeouts: {implicit: 0, pageLoad: 300000, script: 30000}, unhandledPromptBehavior: dismiss and notify, webauthn:extension:credBlob: true, webauthn:extension:largeBlob: true, webauthn:virtualAuthenticators: true}
Element: [[ChromeDriver: chrome on MAC (d4995f641d537f3aa91576dc2bd2b3e1)] -> xpath: //div[@id='change-password-modal'] //button[text()=' Change Password ']]
Session ID: d4995f641d537f3aa91576dc2bd2b3e1
at org.openqa.selenium.remote.codec.w3c.W3CHttpResponseCodec.createException(W3CHttpResponseCodec.java:200)
at org.openqa.selenium.remote.codec.w3c.W3CHttpResponseCodec.decode(W3CHttpResponseCodec.java:133)
at org.openqa.selenium.remote.codec.w3c.W3CHttpResponseCodec.decode(W3CHttpResponseCodec.java:53)
at org.openqa.selenium.remote.HttpCommandExecutor.execute(HttpCommandExecutor.java:184)
at org.openqa.selenium.remote.service.DriverCommandExecutor.invokeExecute(DriverCommandExecutor.java:167)
at org.openqa.selenium.remote.service.DriverCommandExecutor.execute(DriverCommandExecutor.java:142)
at org.openqa.selenium.remote.RemoteWebDriver.execute(RemoteWebDriver.java:558)
at org.openqa.selenium.remote.RemoteWebElement.execute(RemoteWebElement.java:251)
at org.openqa.selenium.remote.RemoteWebElement.click(RemoteWebElement.java:77)
at admin.ProfileTest.InvalidCurrentPassword(ProfileTest.java:263)
at java.base/java.util.ArrayList.forEach(ArrayList.java:1511)
... Removed 32 stack frames]]>
    </failure>
  </testcase> <!-- InvalidCurrentPassword -->
  <testcase classname="admin.TransactionsTest" name="ValidateTransactionsPage" time="8.121"/>
  <testcase classname="admin.TransactionsTest" name="ValidateSingleCouponRequestReconcilationAdmin" time="14.727"/>
  <testcase classname="admin.TransactionsTest" name="ValidateMultipleCouponRequestReconcilationAdmin" time="10.145"/>
  <testcase classname="admin.TransactionsTest" name="ValidateTransactionsListHeader" time="0.106"/>
  <testcase classname="admin.TransactionsTest" name="ValidateSearchBar" time="9.383"/>
  <testcase classname="admin.TransactionsTest" name="ValidateSearchBar" time="9.421"/>
  <testcase classname="admin.TransactionsTest" name="ValidateStatusDropdownList" time="0.118"/>
  <testcase classname="admin.TransactionsTest" name="ValidateAllStatusField" time="116.096"/>
  <testcase classname="admin.TransactionsTest" name="ValidateInitiatedStatusField" time="32.769"/>
  <testcase classname="admin.TransactionsTest" name="ValidateAbandonedStatusField" time="19.755"/>
  <testcase classname="admin.TransactionsTest" name="ValidateSuccessStatusField" time="69.227"/>
  <testcase classname="admin.TransactionsTest" name="ValidateFailedStatusField" time="18.242"/>
  <testcase classname="admin.TransactionsTest" name="ValidateReversedStatusField" time="18.229"/>
  <testcase classname="admin.TransactionsTest" name="ValidateDeclinedStatusField" time="18.158"/>
  <testcase classname="admin.TransactionsTest" name="ValidateFraudStatusField" time="18.169"/>
  <testcase classname="admin.TransactionsTest" name="ValidateInitiatedStatusTransactions" time="29.126"/>
  <testcase classname="admin.TransactionsTest" name="ValidateSuccessTransactionPaymentStatus" time="3.593"/>
  <testcase classname="admin.TransactionsTest" name="ValidateInitiatedTransactionPaymentStatus" time="3.556"/>
  <testcase classname="admin.TransactionsTest" name="ValidateAbandonedTransactionPaymentStatus" time="3.666"/>
  <testcase classname="admin.TransactionsTest" name="ValidateCsvExport" time="6.167"/>
  <testcase classname="admin.TransactionsTest" name="ValidateCsvExport" time="6.122"/>
  <testcase classname="admin.TransactionsTest" name="ValidateCsvExport" time="6.146"/>
  <testcase classname="admin.TransactionsTest" name="ValidateCsvExport" time="6.159"/>
  <testcase classname="admin.TransactionsTest" name="ValidateCsvExport" time="6.137"/>
  <testcase classname="admin.TransactionsTest" name="ValidateCsvExport" time="6.126"/>
  <testcase classname="admin.TransactionsTest" name="ValidateCsvExport" time="6.114"/>
  <testcase classname="admin.TransactionsTest" name="ValidateCsvExport" time="6.153"/>
  <testcase classname="admin.TransactionsTest" name="ValidateTransactionCardResponse" time="30.546"/>
  <testcase classname="admin.PermitTest" name="ValidateAddPermitButton" time="0.0">
    <ignored/>
  </testcase> <!-- ValidateAddPermitButton -->
</testsuite> <!-- Testing Admin Portal -->
