<?xml version="1.0" encoding="UTF-8"?>
<!-- Generated by org.testng.reporters.JUnitXMLReporter -->
<testsuite ignored="0" hostname="YV-Jerry" failures="0" tests="3" name="Testing the lslb Homepage" time="69.551" errors="0" timestamp="2021-12-14T16:29:08 WAT">
  <testcase classname="agent.HomePageTest" name="ValidateChatButtonResponse" time="9.056"/>
  <testcase classname="agent.HomePageTest" name="ValidChatRequest" time="11.599"/>
  <testcase classname="agent.HomePageTest" name="ValidChatRequest" time="12.22"/>
</testsuite> <!-- Testing the lslb Homepage -->
