<?xml version="1.0" encoding="UTF-8"?>
<!-- Generated by org.testng.reporters.JUnitXMLReporter -->
<testsuite ignored="1" hostname="YV-Jerry.local" failures="15" tests="221" name="Testing Admin Portal" time="2257.303" errors="0" timestamp="2022-05-13T11:25:34 WAT">
  <testcase classname="admin.AdminLoginTest" name="EmptyEmailAddressField" time="0.094"/>
  <testcase classname="admin.AdminLoginTest" name="InvalidEmailAddressNotFound" time="3.902"/>
  <testcase classname="admin.AdminLoginTest" name="InvalidEmailAddressNotFound" time="4.201"/>
  <testcase classname="admin.AdminLoginTest" name="InvalidEmailAddressFormat" time="0.137"/>
  <testcase classname="admin.AdminLoginTest" name="InvalidEmailAddressFormat" time="0.091"/>
  <testcase classname="admin.AdminLoginTest" name="ValidEmailAddress" time="3.357"/>
  <testcase classname="admin.AdminLoginTest" name="ValidateBackButton" time="0.516"/>
  <testcase classname="admin.AdminLoginTest" name="ValidateSuccessfulAdminLogin" time="4.887"/>
  <testcase classname="admin.AdminLoginTest" name="ValidateLogout" time="1.182"/>
  <testcase classname="admin.ForgotPasswordTest" name="ValidateForgotPasswordLink" time="2.164"/>
  <testcase classname="admin.ForgotPasswordTest" name="InvalidEmailAddressFormat" time="0.149"/>
  <testcase classname="admin.ForgotPasswordTest" name="InvalidEmailAddressFormat" time="4.375"/>
  <testcase classname="admin.ForgotPasswordTest" name="InvalidEmailAddressNotFound" time="0.754"/>
  <testcase classname="admin.ForgotPasswordTest" name="InvalidEmailAddressNotFound" time="1.065"/>
  <testcase classname="admin.ForgotPasswordTest" name="ValidateSuccessfulResetPassword" time="0.978"/>
  <testcase classname="admin.ForgotPasswordTest" name="ValidateSuccessfulResetPassword" time="1.013"/>
  <testcase classname="admin.ForgotPasswordTest" name="ValidateBackToLoginLink" time="0.125"/>
  <testcase classname="admin.CouponTest" name="ValidateCouponPage" time="11.827"/>
  <testcase classname="admin.CouponTest" name="ValidateAutosuggestiveSearchBar" time="0.46"/>
  <testcase classname="admin.CouponTest" name="ValidateCategoryDropdownList" time="0.276"/>
  <testcase classname="admin.CouponTest" name="ValidateSingleCategoryQuantityField" time="0.972"/>
  <testcase classname="admin.CouponTest" name="ValidateSingleAgentField" time="0.055"/>
  <testcase classname="admin.CouponTest" name="ValidateMultipleCategoryQuanityField" time="0.134"/>
  <testcase classname="admin.CouponTest" name="EmptyDateField" time="1.221"/>
  <testcase classname="admin.CouponTest" name="ValidateEndDateCheck" time="0.869"/>
  <testcase classname="admin.CouponTest" name="ValidateMultipleCategoryQuanityFieldFormat" time="2.601"/>
  <testcase classname="admin.CouponTest" name="ValidateMultipleCategoryQuanityFieldFormat" time="1.946"/>
  <testcase classname="admin.CouponTest" name="ValidateDiscountTypeDropdownList" time="0.064"/>
  <testcase classname="admin.CouponTest" name="EmptyCouponCodeField" time="2.383"/>
  <testcase classname="admin.CouponTest" name="EmptyDiscountValueField" time="2.336"/>
  <testcase classname="admin.CouponTest" name="ValidateDiscountPercentageValueFormat" time="2.435"/>
  <testcase classname="admin.CouponTest" name="ValidateDiscountAmountValueFormat" time="2.487"/>
  <testcase classname="admin.CouponTest" name="SuccessfulSingleCouponRequestOnline" time="17.985"/>
  <testcase classname="admin.CouponTest" name="SuccessfulMultipleCouponRequestOnline" time="9.9"/>
  <testcase classname="admin.CouponTest" name="ValidateGeneratedCouponList" time="73.297"/>
  <testcase classname="admin.CouponTest" name="ValidateGenerateCouponCategoryDropdownList" time="0.083"/>
  <testcase classname="admin.CouponTest" name="ValidateSingleCouponFilter" time="99.142"/>
  <testcase classname="admin.CouponTest" name="ValidateClearSingleList" time="39.856"/>
  <testcase classname="admin.CouponTest" name="ValidateMultipleCouponFilter" time="102.595"/>
  <testcase classname="admin.CouponTest" name="ValidateClearMultipleList" time="55.215">
    <failure type="java.lang.AssertionError" message="expected [339 entries] but found [239 entries]">
      <![CDATA[java.lang.AssertionError: expected [339 entries] but found [239 entries]
at admin.CouponTest.ValidateClearMultipleList(CouponTest.java:547)
at java.base/java.util.ArrayList.forEach(ArrayList.java:1511)
... Removed 33 stack frames]]>
    </failure>
  </testcase> <!-- ValidateClearMultipleList -->
  <testcase classname="admin.CouponTest" name="ValidateGeneratedListHeader" time="0.209"/>
  <testcase classname="admin.CouponTest" name="ValidateGeneratedCouponCardResponse" time="4.262"/>
  <testcase classname="admin.CouponTest" name="ValidateDownloadCSVButton" time="6.445"/>
  <testcase classname="admin.PermitTest" name="ValidatePermitPage" time="10.406"/>
  <testcase classname="admin.PermitTest" name="ValidatePermitListHeader" time="0.092"/>
  <testcase classname="admin.PermitTest" name="ValidatePermitArrangement" time="0.324"/>
  <testcase classname="admin.PermitTest" name="ValidateStatusDropodownList" time="0.077"/>
  <testcase classname="admin.PermitTest" name="ValidateAllStatusFilter" time="11.011"/>
  <testcase classname="admin.PermitTest" name="ValidateActiveStatusFilter" time="16.728"/>
  <testcase classname="admin.PermitTest" name="ValidateDisabledStatusFilter" time="27.937"/>
  <testcase classname="admin.PermitTest" name="ValidateSearchBar" time="34.771"/>
  <testcase classname="admin.PermitTest" name="ValidateSearchBar" time="34.749"/>
  <testcase classname="admin.PermitTest" name="ValidateSetPermitButton" time="10.221"/>
  <testcase classname="admin.PermitTest" name="ValidateActiveStatusButton" time="7.091"/>
  <testcase classname="admin.PermitTest" name="ValidateDisabledStatusButton" time="6.522"/>
  <testcase classname="admin.PermitTest" name="ValidateStatusButtonResponse" time="19.858"/>
  <testcase classname="admin.PermitTest" name="ValidateDuplicatePermitResponse" time="1.37"/>
  <testcase classname="admin.CompaniesTest" name="ValidateCompaniesPage" time="10.963"/>
  <testcase classname="admin.CompaniesTest" name="ValidateCompaniesListHeader" time="0.324"/>
  <testcase classname="admin.CompaniesTest" name="ValidateInviteCompanyButton" time="4.09"/>
  <testcase classname="admin.CompaniesTest" name="EmptyBusinessCategoryField" time="4.109"/>
  <testcase classname="admin.CompaniesTest" name="EmptyEmailField" time="1.144"/>
  <testcase classname="admin.CompaniesTest" name="InvalidEmailFormat" time="1.138"/>
  <testcase classname="admin.CompaniesTest" name="InvalidEmailFormat" time="0.977"/>
  <testcase classname="admin.CompaniesTest" name="EmptyBusinessNameField" time="0.867"/>
  <testcase classname="admin.CompaniesTest" name="EmptyTradeNameField" time="1.104"/>
  <testcase classname="admin.CompaniesTest" name="EmptyAdminFirstNameField" time="1.114">
    <failure type="java.lang.AssertionError" message="expected [false] but found [true]">
      <![CDATA[java.lang.AssertionError: expected [false] but found [true]
at admin.CompaniesTest.EmptyAdminFirstNameField(CompaniesTest.java:203)
at java.base/java.util.ArrayList.forEach(ArrayList.java:1511)
... Removed 31 stack frames]]>
    </failure>
  </testcase> <!-- EmptyAdminFirstNameField -->
  <testcase classname="admin.CompaniesTest" name="EmptyAdminLastNameField" time="1.111">
    <failure type="org.openqa.selenium.ElementClickInterceptedException" message="element click intercepted: Element &amp;lt;button class=&amp;quot;btn btn-warning mr-2&amp;quot;&amp;gt;...&amp;lt;/button&amp;gt; is not clickable at point (1309, 268). Other element would receive the click: &amp;lt;div id=&amp;quot;add-company-modal&amp;quot; tabindex=&amp;quot;-1&amp;quot; role=&amp;quot;dialog&amp;quot; aria-labelledby=&amp;quot;change-role-modal&amp;quot; class=&amp;quot;modal animated fade pulse_ modal-border show&amp;quot; style=&amp;quot;z-index: 1040; display: block;&amp;quot;&amp;gt;...&amp;lt;/div&amp;gt;
  (Session info: chrome=101.0.4951.64)
Build info: version: &amp;apos;4.1.2&amp;apos;, revision: &amp;apos;9a5a329c5a&amp;apos;
System info: host: &amp;apos;YV-Jerry.local&amp;apos;, ip: &amp;apos;fe80:0:0:0:489:dc55:d0b5:abfa%en0&amp;apos;, os.name: &amp;apos;Mac OS X&amp;apos;, os.arch: &amp;apos;x86_64&amp;apos;, os.version: &amp;apos;11.0&amp;apos;, java.version: &amp;apos;16.0.2&amp;apos;
Driver info: org.openqa.selenium.chrome.ChromeDriver
Command: [cf26e37841e38a3f915fed7d22aa25f8, clickElement {id=85eab5d4-0eea-45fa-acdb-fad600ae3f13}]
Capabilities {acceptInsecureCerts: false, browserName: chrome, browserVersion: 101.0.4951.64, chrome: {chromedriverVersion: 101.0.4951.41 (93c720db8323..., userDataDir: /var/folders/8c/dvnzzls14cz...}, goog:chromeOptions: {debuggerAddress: localhost:59295}, javascriptEnabled: true, networkConnectionEnabled: false, pageLoadStrategy: normal, platform: MAC, platformName: MAC, proxy: Proxy(), se:cdp: ws://localhost:59295/devtoo..., se:cdpVersion: 101.0.4951.64, setWindowRect: true, strictFileInteractability: false, timeouts: {implicit: 0, pageLoad: 300000, script: 30000}, unhandledPromptBehavior: dismiss and notify, webauthn:extension:credBlob: true, webauthn:extension:largeBlob: true, webauthn:virtualAuthenticators: true}
Element: [[ChromeDriver: chrome on MAC (cf26e37841e38a3f915fed7d22aa25f8)] -&amp;gt; xpath: //button[text()=&amp;apos; Invite Company &amp;apos;]]
Session ID: cf26e37841e38a3f915fed7d22aa25f8">
      <![CDATA[org.openqa.selenium.ElementClickInterceptedException: element click intercepted: Element <button class="btn btn-warning mr-2">...</button> is not clickable at point (1309, 268). Other element would receive the click: <div id="add-company-modal" tabindex="-1" role="dialog" aria-labelledby="change-role-modal" class="modal animated fade pulse_ modal-border show" style="z-index: 1040; display: block;">...</div>
  (Session info: chrome=101.0.4951.64)
Build info: version: '4.1.2', revision: '9a5a329c5a'
System info: host: 'YV-Jerry.local', ip: 'fe80:0:0:0:489:dc55:d0b5:abfa%en0', os.name: 'Mac OS X', os.arch: 'x86_64', os.version: '11.0', java.version: '16.0.2'
Driver info: org.openqa.selenium.chrome.ChromeDriver
Command: [cf26e37841e38a3f915fed7d22aa25f8, clickElement {id=85eab5d4-0eea-45fa-acdb-fad600ae3f13}]
Capabilities {acceptInsecureCerts: false, browserName: chrome, browserVersion: 101.0.4951.64, chrome: {chromedriverVersion: 101.0.4951.41 (93c720db8323..., userDataDir: /var/folders/8c/dvnzzls14cz...}, goog:chromeOptions: {debuggerAddress: localhost:59295}, javascriptEnabled: true, networkConnectionEnabled: false, pageLoadStrategy: normal, platform: MAC, platformName: MAC, proxy: Proxy(), se:cdp: ws://localhost:59295/devtoo..., se:cdpVersion: 101.0.4951.64, setWindowRect: true, strictFileInteractability: false, timeouts: {implicit: 0, pageLoad: 300000, script: 30000}, unhandledPromptBehavior: dismiss and notify, webauthn:extension:credBlob: true, webauthn:extension:largeBlob: true, webauthn:virtualAuthenticators: true}
Element: [[ChromeDriver: chrome on MAC (cf26e37841e38a3f915fed7d22aa25f8)] -> xpath: //button[text()=' Invite Company ']]
Session ID: cf26e37841e38a3f915fed7d22aa25f8
at org.openqa.selenium.remote.codec.w3c.W3CHttpResponseCodec.createException(W3CHttpResponseCodec.java:200)
at org.openqa.selenium.remote.codec.w3c.W3CHttpResponseCodec.decode(W3CHttpResponseCodec.java:133)
at org.openqa.selenium.remote.codec.w3c.W3CHttpResponseCodec.decode(W3CHttpResponseCodec.java:53)
at org.openqa.selenium.remote.HttpCommandExecutor.execute(HttpCommandExecutor.java:184)
at org.openqa.selenium.remote.service.DriverCommandExecutor.invokeExecute(DriverCommandExecutor.java:167)
at org.openqa.selenium.remote.service.DriverCommandExecutor.execute(DriverCommandExecutor.java:142)
at org.openqa.selenium.remote.RemoteWebDriver.execute(RemoteWebDriver.java:558)
at org.openqa.selenium.remote.RemoteWebElement.execute(RemoteWebElement.java:251)
at org.openqa.selenium.remote.RemoteWebElement.click(RemoteWebElement.java:77)
at admin.CompaniesTest.EmptyAdminLastNameField(CompaniesTest.java:213)
at java.base/java.util.ArrayList.forEach(ArrayList.java:1511)
... Removed 32 stack frames]]>
    </failure>
  </testcase> <!-- EmptyAdminLastNameField -->
  <testcase classname="admin.CompaniesTest" name="EmptyPhoneNumberField" time="1.24">
    <failure type="org.openqa.selenium.ElementClickInterceptedException" message="element click intercepted: Element &amp;lt;button class=&amp;quot;btn btn-warning mr-2&amp;quot;&amp;gt;...&amp;lt;/button&amp;gt; is not clickable at point (1309, 268). Other element would receive the click: &amp;lt;div id=&amp;quot;add-company-modal&amp;quot; tabindex=&amp;quot;-1&amp;quot; role=&amp;quot;dialog&amp;quot; aria-labelledby=&amp;quot;change-role-modal&amp;quot; class=&amp;quot;modal animated fade pulse_ modal-border show&amp;quot; style=&amp;quot;z-index: 1040; display: block;&amp;quot;&amp;gt;...&amp;lt;/div&amp;gt;
  (Session info: chrome=101.0.4951.64)
Build info: version: &amp;apos;4.1.2&amp;apos;, revision: &amp;apos;9a5a329c5a&amp;apos;
System info: host: &amp;apos;YV-Jerry.local&amp;apos;, ip: &amp;apos;fe80:0:0:0:489:dc55:d0b5:abfa%en0&amp;apos;, os.name: &amp;apos;Mac OS X&amp;apos;, os.arch: &amp;apos;x86_64&amp;apos;, os.version: &amp;apos;11.0&amp;apos;, java.version: &amp;apos;16.0.2&amp;apos;
Driver info: org.openqa.selenium.chrome.ChromeDriver
Command: [cf26e37841e38a3f915fed7d22aa25f8, clickElement {id=85eab5d4-0eea-45fa-acdb-fad600ae3f13}]
Capabilities {acceptInsecureCerts: false, browserName: chrome, browserVersion: 101.0.4951.64, chrome: {chromedriverVersion: 101.0.4951.41 (93c720db8323..., userDataDir: /var/folders/8c/dvnzzls14cz...}, goog:chromeOptions: {debuggerAddress: localhost:59295}, javascriptEnabled: true, networkConnectionEnabled: false, pageLoadStrategy: normal, platform: MAC, platformName: MAC, proxy: Proxy(), se:cdp: ws://localhost:59295/devtoo..., se:cdpVersion: 101.0.4951.64, setWindowRect: true, strictFileInteractability: false, timeouts: {implicit: 0, pageLoad: 300000, script: 30000}, unhandledPromptBehavior: dismiss and notify, webauthn:extension:credBlob: true, webauthn:extension:largeBlob: true, webauthn:virtualAuthenticators: true}
Element: [[ChromeDriver: chrome on MAC (cf26e37841e38a3f915fed7d22aa25f8)] -&amp;gt; xpath: //button[text()=&amp;apos; Invite Company &amp;apos;]]
Session ID: cf26e37841e38a3f915fed7d22aa25f8">
      <![CDATA[org.openqa.selenium.ElementClickInterceptedException: element click intercepted: Element <button class="btn btn-warning mr-2">...</button> is not clickable at point (1309, 268). Other element would receive the click: <div id="add-company-modal" tabindex="-1" role="dialog" aria-labelledby="change-role-modal" class="modal animated fade pulse_ modal-border show" style="z-index: 1040; display: block;">...</div>
  (Session info: chrome=101.0.4951.64)
Build info: version: '4.1.2', revision: '9a5a329c5a'
System info: host: 'YV-Jerry.local', ip: 'fe80:0:0:0:489:dc55:d0b5:abfa%en0', os.name: 'Mac OS X', os.arch: 'x86_64', os.version: '11.0', java.version: '16.0.2'
Driver info: org.openqa.selenium.chrome.ChromeDriver
Command: [cf26e37841e38a3f915fed7d22aa25f8, clickElement {id=85eab5d4-0eea-45fa-acdb-fad600ae3f13}]
Capabilities {acceptInsecureCerts: false, browserName: chrome, browserVersion: 101.0.4951.64, chrome: {chromedriverVersion: 101.0.4951.41 (93c720db8323..., userDataDir: /var/folders/8c/dvnzzls14cz...}, goog:chromeOptions: {debuggerAddress: localhost:59295}, javascriptEnabled: true, networkConnectionEnabled: false, pageLoadStrategy: normal, platform: MAC, platformName: MAC, proxy: Proxy(), se:cdp: ws://localhost:59295/devtoo..., se:cdpVersion: 101.0.4951.64, setWindowRect: true, strictFileInteractability: false, timeouts: {implicit: 0, pageLoad: 300000, script: 30000}, unhandledPromptBehavior: dismiss and notify, webauthn:extension:credBlob: true, webauthn:extension:largeBlob: true, webauthn:virtualAuthenticators: true}
Element: [[ChromeDriver: chrome on MAC (cf26e37841e38a3f915fed7d22aa25f8)] -> xpath: //button[text()=' Invite Company ']]
Session ID: cf26e37841e38a3f915fed7d22aa25f8
at org.openqa.selenium.remote.codec.w3c.W3CHttpResponseCodec.createException(W3CHttpResponseCodec.java:200)
at org.openqa.selenium.remote.codec.w3c.W3CHttpResponseCodec.decode(W3CHttpResponseCodec.java:133)
at org.openqa.selenium.remote.codec.w3c.W3CHttpResponseCodec.decode(W3CHttpResponseCodec.java:53)
at org.openqa.selenium.remote.HttpCommandExecutor.execute(HttpCommandExecutor.java:184)
at org.openqa.selenium.remote.service.DriverCommandExecutor.invokeExecute(DriverCommandExecutor.java:167)
at org.openqa.selenium.remote.service.DriverCommandExecutor.execute(DriverCommandExecutor.java:142)
at org.openqa.selenium.remote.RemoteWebDriver.execute(RemoteWebDriver.java:558)
at org.openqa.selenium.remote.RemoteWebElement.execute(RemoteWebElement.java:251)
at org.openqa.selenium.remote.RemoteWebElement.click(RemoteWebElement.java:77)
at admin.CompaniesTest.EmptyPhoneNumberField(CompaniesTest.java:233)
at java.base/java.util.ArrayList.forEach(ArrayList.java:1511)
... Removed 32 stack frames]]>
    </failure>
  </testcase> <!-- EmptyPhoneNumberField -->
  <testcase classname="admin.CompaniesTest" name="InvalidPhoneNumberFormat" time="3.561"/>
  <testcase classname="admin.CompaniesTest" name="InvalidPhoneNumberFormat" time="3.352"/>
  <testcase classname="admin.CompaniesTest" name="SuccessfulCompanyInvite" time="1.099">
    <failure type="org.openqa.selenium.ElementClickInterceptedException" message="element click intercepted: Element &amp;lt;button class=&amp;quot;btn btn-warning mr-2&amp;quot;&amp;gt;...&amp;lt;/button&amp;gt; is not clickable at point (1309, 268). Other element would receive the click: &amp;lt;div id=&amp;quot;add-company-modal&amp;quot; tabindex=&amp;quot;-1&amp;quot; role=&amp;quot;dialog&amp;quot; aria-labelledby=&amp;quot;change-role-modal&amp;quot; class=&amp;quot;modal animated fade pulse_ modal-border show&amp;quot; style=&amp;quot;z-index: 1050; display: block;&amp;quot;&amp;gt;...&amp;lt;/div&amp;gt;
  (Session info: chrome=101.0.4951.64)
Build info: version: &amp;apos;4.1.2&amp;apos;, revision: &amp;apos;9a5a329c5a&amp;apos;
System info: host: &amp;apos;YV-Jerry.local&amp;apos;, ip: &amp;apos;fe80:0:0:0:489:dc55:d0b5:abfa%en0&amp;apos;, os.name: &amp;apos;Mac OS X&amp;apos;, os.arch: &amp;apos;x86_64&amp;apos;, os.version: &amp;apos;11.0&amp;apos;, java.version: &amp;apos;16.0.2&amp;apos;
Driver info: org.openqa.selenium.chrome.ChromeDriver
Command: [cf26e37841e38a3f915fed7d22aa25f8, clickElement {id=85eab5d4-0eea-45fa-acdb-fad600ae3f13}]
Capabilities {acceptInsecureCerts: false, browserName: chrome, browserVersion: 101.0.4951.64, chrome: {chromedriverVersion: 101.0.4951.41 (93c720db8323..., userDataDir: /var/folders/8c/dvnzzls14cz...}, goog:chromeOptions: {debuggerAddress: localhost:59295}, javascriptEnabled: true, networkConnectionEnabled: false, pageLoadStrategy: normal, platform: MAC, platformName: MAC, proxy: Proxy(), se:cdp: ws://localhost:59295/devtoo..., se:cdpVersion: 101.0.4951.64, setWindowRect: true, strictFileInteractability: false, timeouts: {implicit: 0, pageLoad: 300000, script: 30000}, unhandledPromptBehavior: dismiss and notify, webauthn:extension:credBlob: true, webauthn:extension:largeBlob: true, webauthn:virtualAuthenticators: true}
Element: [[ChromeDriver: chrome on MAC (cf26e37841e38a3f915fed7d22aa25f8)] -&amp;gt; xpath: //button[text()=&amp;apos; Invite Company &amp;apos;]]
Session ID: cf26e37841e38a3f915fed7d22aa25f8">
      <![CDATA[org.openqa.selenium.ElementClickInterceptedException: element click intercepted: Element <button class="btn btn-warning mr-2">...</button> is not clickable at point (1309, 268). Other element would receive the click: <div id="add-company-modal" tabindex="-1" role="dialog" aria-labelledby="change-role-modal" class="modal animated fade pulse_ modal-border show" style="z-index: 1050; display: block;">...</div>
  (Session info: chrome=101.0.4951.64)
Build info: version: '4.1.2', revision: '9a5a329c5a'
System info: host: 'YV-Jerry.local', ip: 'fe80:0:0:0:489:dc55:d0b5:abfa%en0', os.name: 'Mac OS X', os.arch: 'x86_64', os.version: '11.0', java.version: '16.0.2'
Driver info: org.openqa.selenium.chrome.ChromeDriver
Command: [cf26e37841e38a3f915fed7d22aa25f8, clickElement {id=85eab5d4-0eea-45fa-acdb-fad600ae3f13}]
Capabilities {acceptInsecureCerts: false, browserName: chrome, browserVersion: 101.0.4951.64, chrome: {chromedriverVersion: 101.0.4951.41 (93c720db8323..., userDataDir: /var/folders/8c/dvnzzls14cz...}, goog:chromeOptions: {debuggerAddress: localhost:59295}, javascriptEnabled: true, networkConnectionEnabled: false, pageLoadStrategy: normal, platform: MAC, platformName: MAC, proxy: Proxy(), se:cdp: ws://localhost:59295/devtoo..., se:cdpVersion: 101.0.4951.64, setWindowRect: true, strictFileInteractability: false, timeouts: {implicit: 0, pageLoad: 300000, script: 30000}, unhandledPromptBehavior: dismiss and notify, webauthn:extension:credBlob: true, webauthn:extension:largeBlob: true, webauthn:virtualAuthenticators: true}
Element: [[ChromeDriver: chrome on MAC (cf26e37841e38a3f915fed7d22aa25f8)] -> xpath: //button[text()=' Invite Company ']]
Session ID: cf26e37841e38a3f915fed7d22aa25f8
at org.openqa.selenium.remote.codec.w3c.W3CHttpResponseCodec.createException(W3CHttpResponseCodec.java:200)
at org.openqa.selenium.remote.codec.w3c.W3CHttpResponseCodec.decode(W3CHttpResponseCodec.java:133)
at org.openqa.selenium.remote.codec.w3c.W3CHttpResponseCodec.decode(W3CHttpResponseCodec.java:53)
at org.openqa.selenium.remote.HttpCommandExecutor.execute(HttpCommandExecutor.java:184)
at org.openqa.selenium.remote.service.DriverCommandExecutor.invokeExecute(DriverCommandExecutor.java:167)
at org.openqa.selenium.remote.service.DriverCommandExecutor.execute(DriverCommandExecutor.java:142)
at org.openqa.selenium.remote.RemoteWebDriver.execute(RemoteWebDriver.java:558)
at org.openqa.selenium.remote.RemoteWebElement.execute(RemoteWebElement.java:251)
at org.openqa.selenium.remote.RemoteWebElement.click(RemoteWebElement.java:77)
at admin.CompaniesTest.SuccessfulCompanyInvite(CompaniesTest.java:275)
at java.base/java.util.ArrayList.forEach(ArrayList.java:1511)
... Removed 32 stack frames]]>
    </failure>
  </testcase> <!-- SuccessfulCompanyInvite -->
  <testcase classname="admin.CompaniesTest" name="ValidateExistingEmailInvite" time="0.001">
    <skipped/>
  </testcase> <!-- ValidateExistingEmailInvite -->
  <testcase classname="admin.CompaniesTest" name="ValidateInvitedCompanyStatus" time="15.692">
    <failure type="org.openqa.selenium.ElementNotInteractableException" message="element not interactable
  (Session info: chrome=101.0.4951.64)
Build info: version: &amp;apos;4.1.2&amp;apos;, revision: &amp;apos;9a5a329c5a&amp;apos;
System info: host: &amp;apos;YV-Jerry.local&amp;apos;, ip: &amp;apos;fe80:0:0:0:489:dc55:d0b5:abfa%en0&amp;apos;, os.name: &amp;apos;Mac OS X&amp;apos;, os.arch: &amp;apos;x86_64&amp;apos;, os.version: &amp;apos;11.0&amp;apos;, java.version: &amp;apos;16.0.2&amp;apos;
Driver info: org.openqa.selenium.chrome.ChromeDriver
Command: [cf26e37841e38a3f915fed7d22aa25f8, clickElement {id=ee4a30c2-4294-4b58-9254-690cb27e6744}]
Capabilities {acceptInsecureCerts: false, browserName: chrome, browserVersion: 101.0.4951.64, chrome: {chromedriverVersion: 101.0.4951.41 (93c720db8323..., userDataDir: /var/folders/8c/dvnzzls14cz...}, goog:chromeOptions: {debuggerAddress: localhost:59295}, javascriptEnabled: true, networkConnectionEnabled: false, pageLoadStrategy: normal, platform: MAC, platformName: MAC, proxy: Proxy(), se:cdp: ws://localhost:59295/devtoo..., se:cdpVersion: 101.0.4951.64, setWindowRect: true, strictFileInteractability: false, timeouts: {implicit: 0, pageLoad: 300000, script: 30000}, unhandledPromptBehavior: dismiss and notify, webauthn:extension:credBlob: true, webauthn:extension:largeBlob: true, webauthn:virtualAuthenticators: true}
Element: [[ChromeDriver: chrome on MAC (cf26e37841e38a3f915fed7d22aa25f8)] -&amp;gt; xpath: //li[@class=&amp;apos;page-item pagination-page-nav active&amp;apos;] //following-sibling::li]
Session ID: cf26e37841e38a3f915fed7d22aa25f8">
      <![CDATA[org.openqa.selenium.ElementNotInteractableException: element not interactable
  (Session info: chrome=101.0.4951.64)
Build info: version: '4.1.2', revision: '9a5a329c5a'
System info: host: 'YV-Jerry.local', ip: 'fe80:0:0:0:489:dc55:d0b5:abfa%en0', os.name: 'Mac OS X', os.arch: 'x86_64', os.version: '11.0', java.version: '16.0.2'
Driver info: org.openqa.selenium.chrome.ChromeDriver
Command: [cf26e37841e38a3f915fed7d22aa25f8, clickElement {id=ee4a30c2-4294-4b58-9254-690cb27e6744}]
Capabilities {acceptInsecureCerts: false, browserName: chrome, browserVersion: 101.0.4951.64, chrome: {chromedriverVersion: 101.0.4951.41 (93c720db8323..., userDataDir: /var/folders/8c/dvnzzls14cz...}, goog:chromeOptions: {debuggerAddress: localhost:59295}, javascriptEnabled: true, networkConnectionEnabled: false, pageLoadStrategy: normal, platform: MAC, platformName: MAC, proxy: Proxy(), se:cdp: ws://localhost:59295/devtoo..., se:cdpVersion: 101.0.4951.64, setWindowRect: true, strictFileInteractability: false, timeouts: {implicit: 0, pageLoad: 300000, script: 30000}, unhandledPromptBehavior: dismiss and notify, webauthn:extension:credBlob: true, webauthn:extension:largeBlob: true, webauthn:virtualAuthenticators: true}
Element: [[ChromeDriver: chrome on MAC (cf26e37841e38a3f915fed7d22aa25f8)] -> xpath: //li[@class='page-item pagination-page-nav active'] //following-sibling::li]
Session ID: cf26e37841e38a3f915fed7d22aa25f8
at org.openqa.selenium.remote.codec.w3c.W3CHttpResponseCodec.createException(W3CHttpResponseCodec.java:200)
at org.openqa.selenium.remote.codec.w3c.W3CHttpResponseCodec.decode(W3CHttpResponseCodec.java:133)
at org.openqa.selenium.remote.codec.w3c.W3CHttpResponseCodec.decode(W3CHttpResponseCodec.java:53)
at org.openqa.selenium.remote.HttpCommandExecutor.execute(HttpCommandExecutor.java:184)
at org.openqa.selenium.remote.service.DriverCommandExecutor.invokeExecute(DriverCommandExecutor.java:167)
at org.openqa.selenium.remote.service.DriverCommandExecutor.execute(DriverCommandExecutor.java:142)
at org.openqa.selenium.remote.RemoteWebDriver.execute(RemoteWebDriver.java:558)
at org.openqa.selenium.remote.RemoteWebElement.execute(RemoteWebElement.java:251)
at org.openqa.selenium.remote.RemoteWebElement.click(RemoteWebElement.java:77)
at admin.CompaniesTest.ValidateInvitedCompanyStatus(CompaniesTest.java:353)
at java.base/java.util.ArrayList.forEach(ArrayList.java:1511)
... Removed 32 stack frames]]>
    </failure>
  </testcase> <!-- ValidateInvitedCompanyStatus -->
  <testcase classname="admin.CompaniesTest" name="ValidateActiveCompanyStatus" time="15.371">
    <failure type="org.openqa.selenium.ElementNotInteractableException" message="element not interactable
  (Session info: chrome=101.0.4951.64)
Build info: version: &amp;apos;4.1.2&amp;apos;, revision: &amp;apos;9a5a329c5a&amp;apos;
System info: host: &amp;apos;YV-Jerry.local&amp;apos;, ip: &amp;apos;fe80:0:0:0:489:dc55:d0b5:abfa%en0&amp;apos;, os.name: &amp;apos;Mac OS X&amp;apos;, os.arch: &amp;apos;x86_64&amp;apos;, os.version: &amp;apos;11.0&amp;apos;, java.version: &amp;apos;16.0.2&amp;apos;
Driver info: org.openqa.selenium.chrome.ChromeDriver
Command: [cf26e37841e38a3f915fed7d22aa25f8, clickElement {id=ee4a30c2-4294-4b58-9254-690cb27e6744}]
Capabilities {acceptInsecureCerts: false, browserName: chrome, browserVersion: 101.0.4951.64, chrome: {chromedriverVersion: 101.0.4951.41 (93c720db8323..., userDataDir: /var/folders/8c/dvnzzls14cz...}, goog:chromeOptions: {debuggerAddress: localhost:59295}, javascriptEnabled: true, networkConnectionEnabled: false, pageLoadStrategy: normal, platform: MAC, platformName: MAC, proxy: Proxy(), se:cdp: ws://localhost:59295/devtoo..., se:cdpVersion: 101.0.4951.64, setWindowRect: true, strictFileInteractability: false, timeouts: {implicit: 0, pageLoad: 300000, script: 30000}, unhandledPromptBehavior: dismiss and notify, webauthn:extension:credBlob: true, webauthn:extension:largeBlob: true, webauthn:virtualAuthenticators: true}
Element: [[ChromeDriver: chrome on MAC (cf26e37841e38a3f915fed7d22aa25f8)] -&amp;gt; xpath: //li[@class=&amp;apos;page-item pagination-page-nav active&amp;apos;] //following-sibling::li]
Session ID: cf26e37841e38a3f915fed7d22aa25f8">
      <![CDATA[org.openqa.selenium.ElementNotInteractableException: element not interactable
  (Session info: chrome=101.0.4951.64)
Build info: version: '4.1.2', revision: '9a5a329c5a'
System info: host: 'YV-Jerry.local', ip: 'fe80:0:0:0:489:dc55:d0b5:abfa%en0', os.name: 'Mac OS X', os.arch: 'x86_64', os.version: '11.0', java.version: '16.0.2'
Driver info: org.openqa.selenium.chrome.ChromeDriver
Command: [cf26e37841e38a3f915fed7d22aa25f8, clickElement {id=ee4a30c2-4294-4b58-9254-690cb27e6744}]
Capabilities {acceptInsecureCerts: false, browserName: chrome, browserVersion: 101.0.4951.64, chrome: {chromedriverVersion: 101.0.4951.41 (93c720db8323..., userDataDir: /var/folders/8c/dvnzzls14cz...}, goog:chromeOptions: {debuggerAddress: localhost:59295}, javascriptEnabled: true, networkConnectionEnabled: false, pageLoadStrategy: normal, platform: MAC, platformName: MAC, proxy: Proxy(), se:cdp: ws://localhost:59295/devtoo..., se:cdpVersion: 101.0.4951.64, setWindowRect: true, strictFileInteractability: false, timeouts: {implicit: 0, pageLoad: 300000, script: 30000}, unhandledPromptBehavior: dismiss and notify, webauthn:extension:credBlob: true, webauthn:extension:largeBlob: true, webauthn:virtualAuthenticators: true}
Element: [[ChromeDriver: chrome on MAC (cf26e37841e38a3f915fed7d22aa25f8)] -> xpath: //li[@class='page-item pagination-page-nav active'] //following-sibling::li]
Session ID: cf26e37841e38a3f915fed7d22aa25f8
at org.openqa.selenium.remote.codec.w3c.W3CHttpResponseCodec.createException(W3CHttpResponseCodec.java:200)
at org.openqa.selenium.remote.codec.w3c.W3CHttpResponseCodec.decode(W3CHttpResponseCodec.java:133)
at org.openqa.selenium.remote.codec.w3c.W3CHttpResponseCodec.decode(W3CHttpResponseCodec.java:53)
at org.openqa.selenium.remote.HttpCommandExecutor.execute(HttpCommandExecutor.java:184)
at org.openqa.selenium.remote.service.DriverCommandExecutor.invokeExecute(DriverCommandExecutor.java:167)
at org.openqa.selenium.remote.service.DriverCommandExecutor.execute(DriverCommandExecutor.java:142)
at org.openqa.selenium.remote.RemoteWebDriver.execute(RemoteWebDriver.java:558)
at org.openqa.selenium.remote.RemoteWebElement.execute(RemoteWebElement.java:251)
at org.openqa.selenium.remote.RemoteWebElement.click(RemoteWebElement.java:77)
at admin.CompaniesTest.ValidateActiveCompanyStatus(CompaniesTest.java:379)
at java.base/java.util.ArrayList.forEach(ArrayList.java:1511)
... Removed 32 stack frames]]>
    </failure>
  </testcase> <!-- ValidateActiveCompanyStatus -->
  <testcase classname="admin.ProfileTest" name="ValidateProfilePage" time="9.799"/>
  <testcase classname="admin.ProfileTest" name="ValidateProfileInformation" time="0.206"/>
  <testcase classname="admin.ProfileTest" name="ValidateProfileImageUpload" time="4.768"/>
  <testcase classname="admin.ProfileTest" name="ValidateFirstNameEdit" time="4.129"/>
  <testcase classname="admin.ProfileTest" name="ValidateLastNameEdit" time="4.482"/>
  <testcase classname="admin.ProfileTest" name="ValidatePhoneNumberEdit" time="6.612"/>
  <testcase classname="admin.ProfileTest" name="InvalidPhoneNumberFormat" time="0.066"/>
  <testcase classname="admin.ProfileTest" name="InvalidPhoneNumberFormat" time="0.05"/>
  <testcase classname="admin.ProfileTest" name="ValidateGenderEdit" time="0.025"/>
  <testcase classname="admin.ProfileTest" name="ValidateEmailAddressEdit" time="0.048"/>
  <testcase classname="admin.ProfileTest" name="ValidateConFirmPasswordField" time="10.245">
    <failure type="org.openqa.selenium.TimeoutException" message="Expected condition failed: waiting for visibility of element located by By.id: user-password-confirm (tried for 10 second(s) with 500 milliseconds interval)
Build info: version: &amp;apos;4.1.2&amp;apos;, revision: &amp;apos;9a5a329c5a&amp;apos;
System info: host: &amp;apos;YV-Jerry.local&amp;apos;, ip: &amp;apos;fe80:0:0:0:489:dc55:d0b5:abfa%en0&amp;apos;, os.name: &amp;apos;Mac OS X&amp;apos;, os.arch: &amp;apos;x86_64&amp;apos;, os.version: &amp;apos;11.0&amp;apos;, java.version: &amp;apos;16.0.2&amp;apos;
Driver info: org.openqa.selenium.chrome.ChromeDriver
Capabilities {acceptInsecureCerts: false, browserName: chrome, browserVersion: 101.0.4951.64, chrome: {chromedriverVersion: 101.0.4951.41 (93c720db8323..., userDataDir: /var/folders/8c/dvnzzls14cz...}, goog:chromeOptions: {debuggerAddress: localhost:59332}, javascriptEnabled: true, networkConnectionEnabled: false, pageLoadStrategy: normal, platform: MAC, platformName: MAC, proxy: Proxy(), se:cdp: ws://localhost:59332/devtoo..., se:cdpVersion: 101.0.4951.64, setWindowRect: true, strictFileInteractability: false, timeouts: {implicit: 0, pageLoad: 300000, script: 30000}, unhandledPromptBehavior: dismiss and notify, webauthn:extension:credBlob: true, webauthn:extension:largeBlob: true, webauthn:virtualAuthenticators: true}
Session ID: 0d528d5113c6b65f618e8fe1ac93d3d1">
      <![CDATA[org.openqa.selenium.TimeoutException: Expected condition failed: waiting for visibility of element located by By.id: user-password-confirm (tried for 10 second(s) with 500 milliseconds interval)
Build info: version: '4.1.2', revision: '9a5a329c5a'
System info: host: 'YV-Jerry.local', ip: 'fe80:0:0:0:489:dc55:d0b5:abfa%en0', os.name: 'Mac OS X', os.arch: 'x86_64', os.version: '11.0', java.version: '16.0.2'
Driver info: org.openqa.selenium.chrome.ChromeDriver
Capabilities {acceptInsecureCerts: false, browserName: chrome, browserVersion: 101.0.4951.64, chrome: {chromedriverVersion: 101.0.4951.41 (93c720db8323..., userDataDir: /var/folders/8c/dvnzzls14cz...}, goog:chromeOptions: {debuggerAddress: localhost:59332}, javascriptEnabled: true, networkConnectionEnabled: false, pageLoadStrategy: normal, platform: MAC, platformName: MAC, proxy: Proxy(), se:cdp: ws://localhost:59332/devtoo..., se:cdpVersion: 101.0.4951.64, setWindowRect: true, strictFileInteractability: false, timeouts: {implicit: 0, pageLoad: 300000, script: 30000}, unhandledPromptBehavior: dismiss and notify, webauthn:extension:credBlob: true, webauthn:extension:largeBlob: true, webauthn:virtualAuthenticators: true}
Session ID: 0d528d5113c6b65f618e8fe1ac93d3d1
at org.openqa.selenium.support.ui.WebDriverWait.timeoutException(WebDriverWait.java:138)
at org.openqa.selenium.support.ui.FluentWait.until(FluentWait.java:231)
at pageObject.admin.Profile.getConfirmPasswordField(Profile.java:53)
at admin.ProfileTest.ValidateConFirmPasswordField(ProfileTest.java:195)
at java.base/java.util.ArrayList.forEach(ArrayList.java:1511)
... Removed 27 stack frames]]>
    </failure>
  </testcase> <!-- ValidateConFirmPasswordField -->
  <testcase classname="admin.ProfileTest" name="ValidatePasswordTips" time="1.158">
    <failure type="org.openqa.selenium.ElementClickInterceptedException" message="element click intercepted: Element &amp;lt;button class=&amp;quot;btn btn-outline-success&amp;quot;&amp;gt;...&amp;lt;/button&amp;gt; is not clickable at point (360, 614). Other element would receive the click: &amp;lt;div id=&amp;quot;change-password-modal&amp;quot; data-backdrop=&amp;quot;static&amp;quot; tabindex=&amp;quot;-1&amp;quot; role=&amp;quot;dialog&amp;quot; aria-labelledby=&amp;quot;change-role-modal&amp;quot; class=&amp;quot;modal animated fade pulse_ modal-border show&amp;quot; style=&amp;quot;z-index: 1040; display: block;&amp;quot;&amp;gt;...&amp;lt;/div&amp;gt;
  (Session info: chrome=101.0.4951.64)
Build info: version: &amp;apos;4.1.2&amp;apos;, revision: &amp;apos;9a5a329c5a&amp;apos;
System info: host: &amp;apos;YV-Jerry.local&amp;apos;, ip: &amp;apos;fe80:0:0:0:489:dc55:d0b5:abfa%en0&amp;apos;, os.name: &amp;apos;Mac OS X&amp;apos;, os.arch: &amp;apos;x86_64&amp;apos;, os.version: &amp;apos;11.0&amp;apos;, java.version: &amp;apos;16.0.2&amp;apos;
Driver info: org.openqa.selenium.chrome.ChromeDriver
Command: [0d528d5113c6b65f618e8fe1ac93d3d1, clickElement {id=11bcf17f-66f5-4340-84b9-d6549462f9b9}]
Capabilities {acceptInsecureCerts: false, browserName: chrome, browserVersion: 101.0.4951.64, chrome: {chromedriverVersion: 101.0.4951.41 (93c720db8323..., userDataDir: /var/folders/8c/dvnzzls14cz...}, goog:chromeOptions: {debuggerAddress: localhost:59332}, javascriptEnabled: true, networkConnectionEnabled: false, pageLoadStrategy: normal, platform: MAC, platformName: MAC, proxy: Proxy(), se:cdp: ws://localhost:59332/devtoo..., se:cdpVersion: 101.0.4951.64, setWindowRect: true, strictFileInteractability: false, timeouts: {implicit: 0, pageLoad: 300000, script: 30000}, unhandledPromptBehavior: dismiss and notify, webauthn:extension:credBlob: true, webauthn:extension:largeBlob: true, webauthn:virtualAuthenticators: true}
Element: [[ChromeDriver: chrome on MAC (0d528d5113c6b65f618e8fe1ac93d3d1)] -&amp;gt; xpath: //div[@class=&amp;apos;form-group m-b-10&amp;apos;] //button[text()=&amp;apos; Change Password &amp;apos;]]
Session ID: 0d528d5113c6b65f618e8fe1ac93d3d1">
      <![CDATA[org.openqa.selenium.ElementClickInterceptedException: element click intercepted: Element <button class="btn btn-outline-success">...</button> is not clickable at point (360, 614). Other element would receive the click: <div id="change-password-modal" data-backdrop="static" tabindex="-1" role="dialog" aria-labelledby="change-role-modal" class="modal animated fade pulse_ modal-border show" style="z-index: 1040; display: block;">...</div>
  (Session info: chrome=101.0.4951.64)
Build info: version: '4.1.2', revision: '9a5a329c5a'
System info: host: 'YV-Jerry.local', ip: 'fe80:0:0:0:489:dc55:d0b5:abfa%en0', os.name: 'Mac OS X', os.arch: 'x86_64', os.version: '11.0', java.version: '16.0.2'
Driver info: org.openqa.selenium.chrome.ChromeDriver
Command: [0d528d5113c6b65f618e8fe1ac93d3d1, clickElement {id=11bcf17f-66f5-4340-84b9-d6549462f9b9}]
Capabilities {acceptInsecureCerts: false, browserName: chrome, browserVersion: 101.0.4951.64, chrome: {chromedriverVersion: 101.0.4951.41 (93c720db8323..., userDataDir: /var/folders/8c/dvnzzls14cz...}, goog:chromeOptions: {debuggerAddress: localhost:59332}, javascriptEnabled: true, networkConnectionEnabled: false, pageLoadStrategy: normal, platform: MAC, platformName: MAC, proxy: Proxy(), se:cdp: ws://localhost:59332/devtoo..., se:cdpVersion: 101.0.4951.64, setWindowRect: true, strictFileInteractability: false, timeouts: {implicit: 0, pageLoad: 300000, script: 30000}, unhandledPromptBehavior: dismiss and notify, webauthn:extension:credBlob: true, webauthn:extension:largeBlob: true, webauthn:virtualAuthenticators: true}
Element: [[ChromeDriver: chrome on MAC (0d528d5113c6b65f618e8fe1ac93d3d1)] -> xpath: //div[@class='form-group m-b-10'] //button[text()=' Change Password ']]
Session ID: 0d528d5113c6b65f618e8fe1ac93d3d1
at org.openqa.selenium.remote.codec.w3c.W3CHttpResponseCodec.createException(W3CHttpResponseCodec.java:200)
at org.openqa.selenium.remote.codec.w3c.W3CHttpResponseCodec.decode(W3CHttpResponseCodec.java:133)
at org.openqa.selenium.remote.codec.w3c.W3CHttpResponseCodec.decode(W3CHttpResponseCodec.java:53)
at org.openqa.selenium.remote.HttpCommandExecutor.execute(HttpCommandExecutor.java:184)
at org.openqa.selenium.remote.service.DriverCommandExecutor.invokeExecute(DriverCommandExecutor.java:167)
at org.openqa.selenium.remote.service.DriverCommandExecutor.execute(DriverCommandExecutor.java:142)
at org.openqa.selenium.remote.RemoteWebDriver.execute(RemoteWebDriver.java:558)
at org.openqa.selenium.remote.RemoteWebElement.execute(RemoteWebElement.java:251)
at org.openqa.selenium.remote.RemoteWebElement.click(RemoteWebElement.java:77)
at admin.ProfileTest.ValidatePasswordTips(ProfileTest.java:206)
at java.base/java.util.ArrayList.forEach(ArrayList.java:1511)
... Removed 32 stack frames]]>
    </failure>
  </testcase> <!-- ValidatePasswordTips -->
  <testcase classname="admin.ProfileTest" name="EmptyCurrentPasswordField" time="0.524"/>
  <testcase classname="admin.ProfileTest" name="ValidateNewPasswordMatch" time="0.412"/>
  <testcase classname="admin.ProfileTest" name="InvalidCurrentPassword" time="3.858"/>
  <testcase classname="admin.ProfileTest" name="InvalidCurrentPassword" time="3.592"/>
  <testcase classname="admin.TransactionsTest" name="ValidateTransactionsPage" time="12.138"/>
  <testcase classname="admin.TransactionsTest" name="ValidateSingleCouponRequestReconcilationAdmin" time="16.318"/>
  <testcase classname="admin.TransactionsTest" name="ValidateMultipleCouponRequestReconcilationAdmin" time="10.251"/>
  <testcase classname="admin.TransactionsTest" name="ValidateTransactionsListHeader" time="0.114"/>
  <testcase classname="admin.TransactionsTest" name="ValidateSearchBar" time="9.416"/>
  <testcase classname="admin.TransactionsTest" name="ValidateSearchBar" time="9.465"/>
  <testcase classname="admin.TransactionsTest" name="ValidateStatusDropdownList" time="0.107"/>
  <testcase classname="admin.TransactionsTest" name="ValidateAllStatusField" time="125.843"/>
  <testcase classname="admin.TransactionsTest" name="ValidateInitiatedStatusField" time="32.788"/>
  <testcase classname="admin.TransactionsTest" name="ValidateAbandonedStatusField" time="23.001"/>
  <testcase classname="admin.TransactionsTest" name="ValidateSuccessStatusField" time="79.921"/>
  <testcase classname="admin.TransactionsTest" name="ValidateFailedStatusField" time="18.304"/>
  <testcase classname="admin.TransactionsTest" name="ValidateReversedStatusField" time="18.151"/>
  <testcase classname="admin.TransactionsTest" name="ValidateDeclinedStatusField" time="18.179"/>
  <testcase classname="admin.TransactionsTest" name="ValidateFraudStatusField" time="18.109"/>
  <testcase classname="admin.TransactionsTest" name="ValidateInitiatedStatusTransactions" time="26.064"/>
  <testcase classname="admin.TransactionsTest" name="ValidateSuccessTransactionPaymentStatus" time="3.635"/>
  <testcase classname="admin.TransactionsTest" name="ValidateInitiatedTransactionPaymentStatus" time="3.63"/>
  <testcase classname="admin.TransactionsTest" name="ValidateAbandonedTransactionPaymentStatus" time="3.643"/>
  <testcase classname="admin.TransactionsTest" name="ValidateCsvExport" time="6.138"/>
  <testcase classname="admin.TransactionsTest" name="ValidateCsvExport" time="6.13"/>
  <testcase classname="admin.TransactionsTest" name="ValidateCsvExport" time="6.139"/>
  <testcase classname="admin.TransactionsTest" name="ValidateCsvExport" time="6.146"/>
  <testcase classname="admin.TransactionsTest" name="ValidateCsvExport" time="6.142"/>
  <testcase classname="admin.TransactionsTest" name="ValidateCsvExport" time="6.124"/>
  <testcase classname="admin.TransactionsTest" name="ValidateCsvExport" time="6.124"/>
  <testcase classname="admin.TransactionsTest" name="ValidateCsvExport" time="6.145"/>
  <testcase classname="admin.TransactionsTest" name="ValidateTransactionCardResponse" time="24.828"/>
  <testcase classname="admin.AuditLogTest" name="ValidateAuditLogPage" time="9.776"/>
  <testcase classname="admin.AuditLogTest" name="ValidateLogListHeader" time="0.056"/>
  <testcase classname="admin.AuditLogTest" name="ValidateUserSearchField" time="8.603"/>
  <testcase classname="admin.AuditLogTest" name="ValidateUserSearchField" time="8.344"/>
  <testcase classname="admin.AuditLogTest" name="ValidateEventFieldDropDownList" time="0.597"/>
  <testcase classname="admin.AuditLogTest" name="ValidateAuditLogCardResponse" time="17.285">
    <failure type="org.openqa.selenium.TimeoutException" message="Expected condition failed: waiting for visibility of element located by By.xpath: //div[@class=&amp;apos;col-xs-12&amp;apos;] (tried for 10 second(s) with 500 milliseconds interval)
Build info: version: &amp;apos;4.1.2&amp;apos;, revision: &amp;apos;9a5a329c5a&amp;apos;
System info: host: &amp;apos;YV-Jerry.local&amp;apos;, ip: &amp;apos;fe80:0:0:0:489:dc55:d0b5:abfa%en0&amp;apos;, os.name: &amp;apos;Mac OS X&amp;apos;, os.arch: &amp;apos;x86_64&amp;apos;, os.version: &amp;apos;11.0&amp;apos;, java.version: &amp;apos;16.0.2&amp;apos;
Driver info: org.openqa.selenium.chrome.ChromeDriver
Capabilities {acceptInsecureCerts: false, browserName: chrome, browserVersion: 101.0.4951.64, chrome: {chromedriverVersion: 101.0.4951.41 (93c720db8323..., userDataDir: /var/folders/8c/dvnzzls14cz...}, goog:chromeOptions: {debuggerAddress: localhost:59424}, javascriptEnabled: true, networkConnectionEnabled: false, pageLoadStrategy: normal, platform: MAC, platformName: MAC, proxy: Proxy(), se:cdp: ws://localhost:59424/devtoo..., se:cdpVersion: 101.0.4951.64, setWindowRect: true, strictFileInteractability: false, timeouts: {implicit: 0, pageLoad: 300000, script: 30000}, unhandledPromptBehavior: dismiss and notify, webauthn:extension:credBlob: true, webauthn:extension:largeBlob: true, webauthn:virtualAuthenticators: true}
Session ID: 39b562bf653482f470bfb1258260eeac">
      <![CDATA[org.openqa.selenium.TimeoutException: Expected condition failed: waiting for visibility of element located by By.xpath: //div[@class='col-xs-12'] (tried for 10 second(s) with 500 milliseconds interval)
Build info: version: '4.1.2', revision: '9a5a329c5a'
System info: host: 'YV-Jerry.local', ip: 'fe80:0:0:0:489:dc55:d0b5:abfa%en0', os.name: 'Mac OS X', os.arch: 'x86_64', os.version: '11.0', java.version: '16.0.2'
Driver info: org.openqa.selenium.chrome.ChromeDriver
Capabilities {acceptInsecureCerts: false, browserName: chrome, browserVersion: 101.0.4951.64, chrome: {chromedriverVersion: 101.0.4951.41 (93c720db8323..., userDataDir: /var/folders/8c/dvnzzls14cz...}, goog:chromeOptions: {debuggerAddress: localhost:59424}, javascriptEnabled: true, networkConnectionEnabled: false, pageLoadStrategy: normal, platform: MAC, platformName: MAC, proxy: Proxy(), se:cdp: ws://localhost:59424/devtoo..., se:cdpVersion: 101.0.4951.64, setWindowRect: true, strictFileInteractability: false, timeouts: {implicit: 0, pageLoad: 300000, script: 30000}, unhandledPromptBehavior: dismiss and notify, webauthn:extension:credBlob: true, webauthn:extension:largeBlob: true, webauthn:virtualAuthenticators: true}
Session ID: 39b562bf653482f470bfb1258260eeac
at org.openqa.selenium.support.ui.WebDriverWait.timeoutException(WebDriverWait.java:138)
at org.openqa.selenium.support.ui.FluentWait.until(FluentWait.java:231)
at pageObject.admin.AuditLog.getAuditDetails(AuditLog.java:44)
at admin.AuditLogTest.ValidateAuditLogCardResponse(AuditLogTest.java:134)
at java.base/java.util.ArrayList.forEach(ArrayList.java:1511)
... Removed 27 stack frames]]>
    </failure>
  </testcase> <!-- ValidateAuditLogCardResponse -->
  <testcase classname="admin.PrintLicenseIdTest" name="ValidatePrintLicenseIdPage" time="9.307"/>
  <testcase classname="admin.PrintLicenseIdTest" name="ValidatePageTabs" time="0.057"/>
  <testcase classname="admin.PrintLicenseIdTest" name="ValidatePendingIdListHeader" time="0.184"/>
  <testcase classname="admin.PrintLicenseIdTest" name="ValidatePreviouslyPrintedIdListHeader" time="2.94"/>
  <testcase classname="admin.PrintLicenseIdTest" name="ValidatePendingAgentStatus" time="0.991"/>
  <testcase classname="admin.PrintLicenseIdTest" name="ValidatePrintedAgentStatus" time="1.086"/>
  <testcase classname="admin.PrintLicenseIdTest" name="ValidatePrintIdButtonPending" time="1.144"/>
  <testcase classname="admin.PrintLicenseIdTest" name="ValidatePrintIdButtonPrinted" time="1.431"/>
  <testcase classname="admin.PrintLicenseIdTest" name="ValidatePrintIdButtonResponsePending" time="19.159"/>
  <testcase classname="admin.PrintLicenseIdTest" name="ValidateBulkPrintButtonPending" time="45.182"/>
  <testcase classname="admin.PrintLicenseIdTest" name="ValidateBulkPrintButtonPrinted" time="2.094"/>
  <testcase classname="admin.PrintLicenseIdTest" name="ValidateSelectAllCheckboxPending" time="46.214"/>
  <testcase classname="admin.PrintLicenseIdTest" name="ValidateSelectAllCheckboxPrinted" time="1.625"/>
  <testcase classname="admin.PrintLicenseIdTest" name="ValidateAllPendingIdPrint" time="46.228"/>
  <testcase classname="admin.ReportTest" name="ValidateReportPage" time="9.153"/>
  <testcase classname="admin.ReportTest" name="ValidatePageTabs" time="0.056"/>
  <testcase classname="admin.ReportTest" name="ValidateCategoryDropdownList" time="0.209"/>
  <testcase classname="admin.ReportTest" name="ValidateEmptyReportRequest" time="1.18"/>
  <testcase classname="admin.ReportTest" name="ValidateAgentDetailsReport" time="2.729"/>
  <testcase classname="admin.ReportTest" name="ValidateAgentDetailsBackButton" time="0.259"/>
  <testcase classname="admin.ReportTest" name="ValidateVerificationFailedReport" time="0.651"/>
  <testcase classname="admin.ReportTest" name="ValidateVerificationFailedBackButton" time="0.076"/>
  <testcase classname="admin.ReportTest" name="ValidateGuarantorOutstandingReport" time="0.764"/>
  <testcase classname="admin.ReportTest" name="ValidateGuarantorOutstandingBackButton" time="0.059"/>
  <testcase classname="admin.ReportTest" name="ValidateTransactionReport" time="0.863"/>
  <testcase classname="admin.ReportTest" name="ValidateTransactionReportBackButton" time="0.063"/>
  <testcase classname="admin.ReportTest" name="ValidateInfractionReport" time="0.827"/>
  <testcase classname="admin.ReportTest" name="ValidateInfractionReportBackButton" time="0.051"/>
  <testcase classname="admin.ReportTest" name="ValidateInfractionReportViewPhotos" time="2.564"/>
  <testcase classname="admin.ReportTest" name="ValidateEnforcerReport" time="0.621"/>
  <testcase classname="admin.ReportTest" name="ValidateEnforcerReportBackButton" time="0.05"/>
  <testcase classname="admin.ReportTest" name="ValidateInspectionPage" time="0.383"/>
  <testcase classname="admin.ReportTest" name="ValidateInspectionReportPage" time="6.274"/>
  <testcase classname="admin.SettingsTest" name="ValidateReportPage" time="10.73"/>
  <testcase classname="admin.SettingsTest" name="ValidateField" time="0.105"/>
  <testcase classname="admin.SettingsTest" name="ValidateBusinessNameEdit" time="0.032"/>
  <testcase classname="admin.SettingsTest" name="ValidateBusinessAddressEdit" time="4.956"/>
  <testcase classname="admin.SettingsTest" name="InvalidSupportPhoneNumberFormat" time="0.937"/>
  <testcase classname="admin.SettingsTest" name="InvalidSupportPhoneNumberFormat" time="0.317"/>
  <testcase classname="admin.SettingsTest" name="ValidateSupportPhoneNumberEdit" time="6.431"/>
  <testcase classname="admin.SettingsTest" name="InvalidSupportEmailFormat" time="0.31"/>
  <testcase classname="admin.SettingsTest" name="InvalidSupportEmailFormat" time="0.239"/>
  <testcase classname="admin.SettingsTest" name="ValidateSupportEmailEdit" time="6.775"/>
  <testcase classname="admin.SettingsTest" name="ValidatePrimaryContactNameEdit" time="6.271"/>
  <testcase classname="admin.SettingsTest" name="InvalidPrimaryContactPhoneNumberFormat" time="0.072"/>
  <testcase classname="admin.SettingsTest" name="InvalidPrimaryContactPhoneNumberFormat" time="0.062"/>
  <testcase classname="admin.SettingsTest" name="ValidatePrimaryContactPhoneNumberEdit" time="6.254"/>
  <testcase classname="admin.SettingsTest" name="ValidateBusinessWebsiteEdit" time="6.454"/>
  <testcase classname="admin.SettingsTest" name="InvalidPrimaryContactEmailFormat" time="0.078"/>
  <testcase classname="admin.SettingsTest" name="InvalidPrimaryContactEmailFormat" time="0.057"/>
  <testcase classname="admin.SettingsTest" name="ValidatePrimaryContactEmailEdit" time="6.371"/>
  <testcase classname="admin.UsersTest" name="ValidateUsersPage" time="10.081"/>
  <testcase classname="admin.UsersTest" name="ValidateUserListHeader" time="0.059"/>
  <testcase classname="admin.UsersTest" name="ValidateManageRoleButton" time="2.253"/>
  <testcase classname="admin.UsersTest" name="ValidateRoleType" time="2.259"/>
  <testcase classname="admin.UsersTest" name="ValidateDefaultRoleList" time="2.067"/>
  <testcase classname="admin.UsersTest" name="EmptyRoleNameField" time="5.857"/>
  <testcase classname="admin.UsersTest" name="EmptyRoleNameField" time="4.626"/>
  <testcase classname="admin.UsersTest" name="EmptyRoleDescriptionField" time="4.695"/>
  <testcase classname="admin.UsersTest" name="EmptyRoleDescriptionField" time="4.366"/>
  <testcase classname="admin.UsersTest" name="EmptyPermissionCheckbox" time="2.193"/>
  <testcase classname="admin.UsersTest" name="EmptyPermissionCheckbox" time="2.122"/>
  <testcase classname="admin.UsersTest" name="ValidateCustomRoleButton" time="5.975"/>
  <testcase classname="admin.UsersTest" name="ValidateCustomRoleButton" time="6.021"/>
  <testcase classname="admin.UsersTest" name="ValidateDuplicateSuperAdminResponse" time="5.92"/>
  <testcase classname="admin.UsersTest" name="ValidateDuplicateSuperAdminResponse" time="20.349">
    <failure type="org.openqa.selenium.TimeoutException" message="Expected condition failed: waiting for visibility of element located by By.cssSelector: div.iziToast-texts (tried for 10 second(s) with 500 milliseconds interval)
Build info: version: &amp;apos;4.1.2&amp;apos;, revision: &amp;apos;9a5a329c5a&amp;apos;
System info: host: &amp;apos;YV-Jerry.local&amp;apos;, ip: &amp;apos;fe80:0:0:0:489:dc55:d0b5:abfa%en0&amp;apos;, os.name: &amp;apos;Mac OS X&amp;apos;, os.arch: &amp;apos;x86_64&amp;apos;, os.version: &amp;apos;11.0&amp;apos;, java.version: &amp;apos;16.0.2&amp;apos;
Driver info: org.openqa.selenium.chrome.ChromeDriver
Capabilities {acceptInsecureCerts: false, browserName: chrome, browserVersion: 101.0.4951.64, chrome: {chromedriverVersion: 101.0.4951.41 (93c720db8323..., userDataDir: /var/folders/8c/dvnzzls14cz...}, goog:chromeOptions: {debuggerAddress: localhost:59557}, javascriptEnabled: true, networkConnectionEnabled: false, pageLoadStrategy: normal, platform: MAC, platformName: MAC, proxy: Proxy(), se:cdp: ws://localhost:59557/devtoo..., se:cdpVersion: 101.0.4951.64, setWindowRect: true, strictFileInteractability: false, timeouts: {implicit: 0, pageLoad: 300000, script: 30000}, unhandledPromptBehavior: dismiss and notify, webauthn:extension:credBlob: true, webauthn:extension:largeBlob: true, webauthn:virtualAuthenticators: true}
Session ID: 301badb0d2c97140f441af57e9242571">
      <![CDATA[org.openqa.selenium.TimeoutException: Expected condition failed: waiting for visibility of element located by By.cssSelector: div.iziToast-texts (tried for 10 second(s) with 500 milliseconds interval)
Build info: version: '4.1.2', revision: '9a5a329c5a'
System info: host: 'YV-Jerry.local', ip: 'fe80:0:0:0:489:dc55:d0b5:abfa%en0', os.name: 'Mac OS X', os.arch: 'x86_64', os.version: '11.0', java.version: '16.0.2'
Driver info: org.openqa.selenium.chrome.ChromeDriver
Capabilities {acceptInsecureCerts: false, browserName: chrome, browserVersion: 101.0.4951.64, chrome: {chromedriverVersion: 101.0.4951.41 (93c720db8323..., userDataDir: /var/folders/8c/dvnzzls14cz...}, goog:chromeOptions: {debuggerAddress: localhost:59557}, javascriptEnabled: true, networkConnectionEnabled: false, pageLoadStrategy: normal, platform: MAC, platformName: MAC, proxy: Proxy(), se:cdp: ws://localhost:59557/devtoo..., se:cdpVersion: 101.0.4951.64, setWindowRect: true, strictFileInteractability: false, timeouts: {implicit: 0, pageLoad: 300000, script: 30000}, unhandledPromptBehavior: dismiss and notify, webauthn:extension:credBlob: true, webauthn:extension:largeBlob: true, webauthn:virtualAuthenticators: true}
Session ID: 301badb0d2c97140f441af57e9242571
at org.openqa.selenium.support.ui.WebDriverWait.timeoutException(WebDriverWait.java:138)
at org.openqa.selenium.support.ui.FluentWait.until(FluentWait.java:231)
at pageObject.admin.ManageRoles.getPromptMessage(ManageRoles.java:95)
at admin.UsersTest.ValidateDuplicateSuperAdminResponse(UsersTest.java:219)
at java.base/java.util.ArrayList.forEach(ArrayList.java:1511)
... Removed 27 stack frames]]>
    </failure>
  </testcase> <!-- ValidateDuplicateSuperAdminResponse -->
  <testcase classname="admin.UsersTest" name="ValidateDuplicateCustomRoleResponse" time="5.791"/>
  <testcase classname="admin.UsersTest" name="ValidateDuplicateCustomRoleResponse" time="5.796"/>
  <testcase classname="admin.UsersTest" name="ValidateDuplicateEnforcerResponse" time="5.988"/>
  <testcase classname="admin.UsersTest" name="ValidateDuplicateEnforcerResponse" time="6.068"/>
  <testcase classname="admin.UsersTest" name="ValidateroleCardResponse" time="2.566"/>
  <testcase classname="admin.UsersTest" name="ValidateDefaultRoleEditButton" time="31.5"/>
  <testcase classname="admin.UsersTest" name="ValidateDefaultRoleDeleteButton" time="32.195"/>
  <testcase classname="admin.UsersTest" name="ValidateCustomRoleDeletebutton" time="52.483"/>
  <testcase classname="admin.UsersTest" name="ValidateDeleteButton" time="5.454"/>
  <testcase classname="admin.UsersTest" name="ValidateDeleteButton" time="5.279"/>
  <testcase classname="admin.UsersTest" name="ValidateAssignedUsers" time="25.398"/>
  <testcase classname="admin.UsersTest" name="ValidateRoleDropDownField" time="2.342"/>
  <testcase classname="admin.UsersTest" name="ValidateRoleFieldFilter" time="37.783"/>
  <testcase classname="admin.UsersTest" name="ValidateRoleFieldFilter" time="40.323"/>
  <testcase classname="admin.UsersTest" name="ValidateInviteUserButton" time="0.69"/>
  <testcase classname="admin.UsersTest" name="ValidateInvitedUserStatus" time="36.572">
    <failure type="java.lang.AssertionError" message="The following asserts failed:
	Lists differ at element [2]: Deactivate User != Re-activate User expected [Deactivate User] but found [Re-activate User]">
      <![CDATA[java.lang.AssertionError: The following asserts failed:
Lists differ at element [2]: Deactivate User != Re-activate User expected [Deactivate User] but found [Re-activate User]
at admin.UsersTest.ValidateInvitedUserStatus(UsersTest.java:542)
at java.base/java.util.ArrayList.forEach(ArrayList.java:1511)
... Removed 29 stack frames]]>
    </failure>
  </testcase> <!-- ValidateInvitedUserStatus -->
  <testcase classname="admin.UsersTest" name="ValidateActiveUserStatus" time="6.734"/>
  <testcase classname="admin.UsersTest" name="ValidateUserCard" time="42.926"/>
  <testcase classname="admin.UsersTest" name="ValidateChangeUserRole" time="4.048"/>
  <testcase classname="admin.UsersTest" name="ValidateChangeUserRole" time="8.134"/>
  <testcase classname="admin.UsersTest" name="ValidateUserSearch" time="26.119">
    <failure type="org.openqa.selenium.NoSuchElementException" message="no such element: Unable to locate element: {&amp;quot;method&amp;quot;:&amp;quot;xpath&amp;quot;,&amp;quot;selector&amp;quot;:&amp;quot;//li[@class=&amp;apos;page-item pagination-page-nav active&amp;apos;] //following-sibling::li&amp;quot;}
  (Session info: chrome=101.0.4951.64)
For documentation on this error, please visit: https://selenium.dev/exceptions/#no_such_element
Build info: version: &amp;apos;4.1.2&amp;apos;, revision: &amp;apos;9a5a329c5a&amp;apos;
System info: host: &amp;apos;YV-Jerry.local&amp;apos;, ip: &amp;apos;fe80:0:0:0:489:dc55:d0b5:abfa%en0&amp;apos;, os.name: &amp;apos;Mac OS X&amp;apos;, os.arch: &amp;apos;x86_64&amp;apos;, os.version: &amp;apos;11.0&amp;apos;, java.version: &amp;apos;16.0.2&amp;apos;
Driver info: org.openqa.selenium.chrome.ChromeDriver
Command: [301badb0d2c97140f441af57e9242571, findElement {using=xpath, value=//li[@class=&amp;apos;page-item pagination-page-nav active&amp;apos;] //following-sibling::li}]
Capabilities {acceptInsecureCerts: false, browserName: chrome, browserVersion: 101.0.4951.64, chrome: {chromedriverVersion: 101.0.4951.41 (93c720db8323..., userDataDir: /var/folders/8c/dvnzzls14cz...}, goog:chromeOptions: {debuggerAddress: localhost:59557}, javascriptEnabled: true, networkConnectionEnabled: false, pageLoadStrategy: normal, platform: MAC, platformName: MAC, proxy: Proxy(), se:cdp: ws://localhost:59557/devtoo..., se:cdpVersion: 101.0.4951.64, setWindowRect: true, strictFileInteractability: false, timeouts: {implicit: 0, pageLoad: 300000, script: 30000}, unhandledPromptBehavior: dismiss and notify, webauthn:extension:credBlob: true, webauthn:extension:largeBlob: true, webauthn:virtualAuthenticators: true}
Session ID: 301badb0d2c97140f441af57e9242571">
      <![CDATA[org.openqa.selenium.NoSuchElementException: no such element: Unable to locate element: {"method":"xpath","selector":"//li[@class='page-item pagination-page-nav active'] //following-sibling::li"}
  (Session info: chrome=101.0.4951.64)
For documentation on this error, please visit: https://selenium.dev/exceptions/#no_such_element
Build info: version: '4.1.2', revision: '9a5a329c5a'
System info: host: 'YV-Jerry.local', ip: 'fe80:0:0:0:489:dc55:d0b5:abfa%en0', os.name: 'Mac OS X', os.arch: 'x86_64', os.version: '11.0', java.version: '16.0.2'
Driver info: org.openqa.selenium.chrome.ChromeDriver
Command: [301badb0d2c97140f441af57e9242571, findElement {using=xpath, value=//li[@class='page-item pagination-page-nav active'] //following-sibling::li}]
Capabilities {acceptInsecureCerts: false, browserName: chrome, browserVersion: 101.0.4951.64, chrome: {chromedriverVersion: 101.0.4951.41 (93c720db8323..., userDataDir: /var/folders/8c/dvnzzls14cz...}, goog:chromeOptions: {debuggerAddress: localhost:59557}, javascriptEnabled: true, networkConnectionEnabled: false, pageLoadStrategy: normal, platform: MAC, platformName: MAC, proxy: Proxy(), se:cdp: ws://localhost:59557/devtoo..., se:cdpVersion: 101.0.4951.64, setWindowRect: true, strictFileInteractability: false, timeouts: {implicit: 0, pageLoad: 300000, script: 30000}, unhandledPromptBehavior: dismiss and notify, webauthn:extension:credBlob: true, webauthn:extension:largeBlob: true, webauthn:virtualAuthenticators: true}
Session ID: 301badb0d2c97140f441af57e9242571
at org.openqa.selenium.remote.codec.w3c.W3CHttpResponseCodec.createException(W3CHttpResponseCodec.java:200)
at org.openqa.selenium.remote.codec.w3c.W3CHttpResponseCodec.decode(W3CHttpResponseCodec.java:133)
at org.openqa.selenium.remote.codec.w3c.W3CHttpResponseCodec.decode(W3CHttpResponseCodec.java:53)
at org.openqa.selenium.remote.HttpCommandExecutor.execute(HttpCommandExecutor.java:184)
at org.openqa.selenium.remote.service.DriverCommandExecutor.invokeExecute(DriverCommandExecutor.java:167)
at org.openqa.selenium.remote.service.DriverCommandExecutor.execute(DriverCommandExecutor.java:142)
at org.openqa.selenium.remote.RemoteWebDriver.execute(RemoteWebDriver.java:558)
at org.openqa.selenium.remote.ElementLocation$ElementFinder$2.findElement(ElementLocation.java:162)
at org.openqa.selenium.remote.ElementLocation.findElement(ElementLocation.java:60)
at org.openqa.selenium.remote.RemoteWebDriver.findElement(RemoteWebDriver.java:382)
at org.openqa.selenium.remote.RemoteWebDriver.findElement(RemoteWebDriver.java:374)
at pageObject.admin.Users.getNextPagination(Users.java:166)
at admin.UsersTest.ValidateUserSearch(UsersTest.java:690)
at java.base/java.util.ArrayList.forEach(ArrayList.java:1511)
... Removed 32 stack frames]]>
    </failure>
  </testcase> <!-- ValidateUserSearch -->
  <testcase classname="admin.UsersTest" name="ValidateUserSearch" time="15.36">
    <failure type="java.lang.AssertionError" message="expected [0] but found [4]">
      <![CDATA[java.lang.AssertionError: expected [0] but found [4]
at admin.UsersTest.ValidateUserSearch(UsersTest.java:693)
at java.base/java.util.ArrayList.forEach(ArrayList.java:1511)
... Removed 33 stack frames]]>
    </failure>
  </testcase> <!-- ValidateUserSearch -->
  <testcase classname="admin.UsersTest" name="InviteUserEmptyEmailField" time="1.729"/>
  <testcase classname="admin.UsersTest" name="InviteUserEmptyEmailField" time="1.677"/>
  <testcase classname="admin.UsersTest" name="InviteUserEmptyRoleField" time="1.678"/>
  <testcase classname="admin.UsersTest" name="InviteUserEmptyRoleField" time="1.735"/>
  <testcase classname="admin.UsersTest" name="SuccessfulUserInvite" time="3.829"/>
  <testcase classname="admin.UsersTest" name="SuccessfulUserInvite" time="2.905"/>
  <testcase classname="admin.UsersTest" name="ValidateDeactivateUser" time="17.594">
    <failure type="org.openqa.selenium.ElementClickInterceptedException" message="element click intercepted: Element &amp;lt;button href=&amp;quot;javascript:void(0)&amp;quot; class=&amp;quot;mr-1 btn btn-outline-danger btn-xs&amp;quot;&amp;gt;...&amp;lt;/button&amp;gt; is not clickable at point (1118, 12). Other element would receive the click: &amp;lt;div class=&amp;quot;navbar-collapse header-shadow&amp;quot; style=&amp;quot;display: flex; align-items: center;&amp;quot;&amp;gt;...&amp;lt;/div&amp;gt;
  (Session info: chrome=101.0.4951.64)
Build info: version: &amp;apos;4.1.2&amp;apos;, revision: &amp;apos;9a5a329c5a&amp;apos;
System info: host: &amp;apos;YV-Jerry.local&amp;apos;, ip: &amp;apos;fe80:0:0:0:489:dc55:d0b5:abfa%en0&amp;apos;, os.name: &amp;apos;Mac OS X&amp;apos;, os.arch: &amp;apos;x86_64&amp;apos;, os.version: &amp;apos;11.0&amp;apos;, java.version: &amp;apos;16.0.2&amp;apos;
Driver info: org.openqa.selenium.chrome.ChromeDriver
Command: [301badb0d2c97140f441af57e9242571, clickElement {id=a431d377-07b9-48ed-bd00-3b6bae690b8b}]
Capabilities {acceptInsecureCerts: false, browserName: chrome, browserVersion: 101.0.4951.64, chrome: {chromedriverVersion: 101.0.4951.41 (93c720db8323..., userDataDir: /var/folders/8c/dvnzzls14cz...}, goog:chromeOptions: {debuggerAddress: localhost:59557}, javascriptEnabled: true, networkConnectionEnabled: false, pageLoadStrategy: normal, platform: MAC, platformName: MAC, proxy: Proxy(), se:cdp: ws://localhost:59557/devtoo..., se:cdpVersion: 101.0.4951.64, setWindowRect: true, strictFileInteractability: false, timeouts: {implicit: 0, pageLoad: 300000, script: 30000}, unhandledPromptBehavior: dismiss and notify, webauthn:extension:credBlob: true, webauthn:extension:largeBlob: true, webauthn:virtualAuthenticators: true}
Element: [[ChromeDriver: chrome on MAC (301badb0d2c97140f441af57e9242571)] -&amp;gt; css selector: div[class*=&amp;apos;col-xs-12 m-b-10&amp;apos;] button]
Session ID: 301badb0d2c97140f441af57e9242571">
      <![CDATA[org.openqa.selenium.ElementClickInterceptedException: element click intercepted: Element <button href="javascript:void(0)" class="mr-1 btn btn-outline-danger btn-xs">...</button> is not clickable at point (1118, 12). Other element would receive the click: <div class="navbar-collapse header-shadow" style="display: flex; align-items: center;">...</div>
  (Session info: chrome=101.0.4951.64)
Build info: version: '4.1.2', revision: '9a5a329c5a'
System info: host: 'YV-Jerry.local', ip: 'fe80:0:0:0:489:dc55:d0b5:abfa%en0', os.name: 'Mac OS X', os.arch: 'x86_64', os.version: '11.0', java.version: '16.0.2'
Driver info: org.openqa.selenium.chrome.ChromeDriver
Command: [301badb0d2c97140f441af57e9242571, clickElement {id=a431d377-07b9-48ed-bd00-3b6bae690b8b}]
Capabilities {acceptInsecureCerts: false, browserName: chrome, browserVersion: 101.0.4951.64, chrome: {chromedriverVersion: 101.0.4951.41 (93c720db8323..., userDataDir: /var/folders/8c/dvnzzls14cz...}, goog:chromeOptions: {debuggerAddress: localhost:59557}, javascriptEnabled: true, networkConnectionEnabled: false, pageLoadStrategy: normal, platform: MAC, platformName: MAC, proxy: Proxy(), se:cdp: ws://localhost:59557/devtoo..., se:cdpVersion: 101.0.4951.64, setWindowRect: true, strictFileInteractability: false, timeouts: {implicit: 0, pageLoad: 300000, script: 30000}, unhandledPromptBehavior: dismiss and notify, webauthn:extension:credBlob: true, webauthn:extension:largeBlob: true, webauthn:virtualAuthenticators: true}
Element: [[ChromeDriver: chrome on MAC (301badb0d2c97140f441af57e9242571)] -> css selector: div[class*='col-xs-12 m-b-10'] button]
Session ID: 301badb0d2c97140f441af57e9242571
at org.openqa.selenium.remote.codec.w3c.W3CHttpResponseCodec.createException(W3CHttpResponseCodec.java:200)
at org.openqa.selenium.remote.codec.w3c.W3CHttpResponseCodec.decode(W3CHttpResponseCodec.java:133)
at org.openqa.selenium.remote.codec.w3c.W3CHttpResponseCodec.decode(W3CHttpResponseCodec.java:53)
at org.openqa.selenium.remote.HttpCommandExecutor.execute(HttpCommandExecutor.java:184)
at org.openqa.selenium.remote.service.DriverCommandExecutor.invokeExecute(DriverCommandExecutor.java:167)
at org.openqa.selenium.remote.service.DriverCommandExecutor.execute(DriverCommandExecutor.java:142)
at org.openqa.selenium.remote.RemoteWebDriver.execute(RemoteWebDriver.java:558)
at org.openqa.selenium.remote.RemoteWebElement.execute(RemoteWebElement.java:251)
at org.openqa.selenium.remote.RemoteWebElement.click(RemoteWebElement.java:77)
at admin.UsersTest.ValidateDeactivateUser(UsersTest.java:773)
at java.base/java.util.ArrayList.forEach(ArrayList.java:1511)
... Removed 32 stack frames]]>
    </failure>
  </testcase> <!-- ValidateDeactivateUser -->
  <testcase classname="admin.UsersTest" name="ValidateReactivateUser" time="0.001">
    <skipped/>
  </testcase> <!-- ValidateReactivateUser -->
  <testcase classname="admin.PermitTest" name="ValidateAddPermitButton" time="0.0">
    <ignored/>
  </testcase> <!-- ValidateAddPermitButton -->
</testsuite> <!-- Testing Admin Portal -->
