<?xml version="1.0" encoding="UTF-8"?>
<testng-results ignored="0" total="6" passed="6" failed="0" skipped="0">
  <reporter-output>
  </reporter-output>
  <suite started-at="2022-03-08T18:01:50 WAT" name="Default suite" finished-at="2022-03-08T18:03:00 WAT" duration-ms="69744">
    <groups>
    </groups>
    <test started-at="2022-03-08T18:01:50 WAT" name="Default test" finished-at="2022-03-08T18:03:00 WAT" duration-ms="69744">
      <class name="admin.AuditLogTest">
        <test-method is-config="true" signature="initialize()[pri:0, instance:admin.AuditLogTest@4659191b]" started-at="2022-03-08T18:01:50 WAT" name="initialize" finished-at="2022-03-08T18:02:13 WAT" duration-ms="22742" status="PASS">
          <reporter-output>
          </reporter-output>
        </test-method> <!-- initialize -->
        <test-method signature="ValidateAuditLoginPage(java.util.HashMap)[pri:1, instance:admin.AuditLogTest@4659191b]" started-at="2022-03-08T18:02:13 WAT" name="ValidateAuditLoginPage" data-provider="mergedData" finished-at="2022-03-08T18:02:20 WAT" duration-ms="6722" status="PASS">
          <params>
            <param index="0">
              <value>
                <![CDATA[{invalidEmailAddress=jerry@gmail.c, emailNotFound=tryme@gmail.com, singleCoupon=12500, permitName=test, lga=Amuwo-Odofin LGA, invalidPassword=OSOBASE4@, agentNoCoupon=jtest@gmail.com, agentsearch=Jerry, emailAddress=base4jerry@gmail.com, password=Osobase4@, invalidMultipleCouponQuantity=0, companyEmail=kagefe1978@ketchet.com, multipleCoupon=62500, invalidEmailResetPassword=jtest@gmail.com, companyPhoneNumber=84948940303}]]>
              </value>
            </param>
          </params>
          <reporter-output>
          </reporter-output>
        </test-method> <!-- ValidateAuditLoginPage -->
        <test-method signature="ValidateLogListHeader()[pri:2, instance:admin.AuditLogTest@4659191b]" started-at="2022-03-08T18:02:20 WAT" name="ValidateLogListHeader" finished-at="2022-03-08T18:02:20 WAT" duration-ms="105" status="PASS">
          <reporter-output>
          </reporter-output>
        </test-method> <!-- ValidateLogListHeader -->
        <test-method signature="ValidateUserSearchField(java.util.HashMap)[pri:3, instance:admin.AuditLogTest@4659191b]" started-at="2022-03-08T18:02:20 WAT" name="ValidateUserSearchField" data-provider="getData" finished-at="2022-03-08T18:02:28 WAT" duration-ms="8138" status="PASS">
          <params>
            <param index="0">
              <value>
                <![CDATA[{usersearch=Osobase}]]>
              </value>
            </param>
          </params>
          <reporter-output>
          </reporter-output>
        </test-method> <!-- ValidateUserSearchField -->
        <test-method signature="ValidateUserSearchField(java.util.HashMap)[pri:3, instance:admin.AuditLogTest@4659191b]" started-at="2022-03-08T18:02:28 WAT" name="ValidateUserSearchField" data-provider="getData" finished-at="2022-03-08T18:02:36 WAT" duration-ms="7965" status="PASS">
          <params>
            <param index="0">
              <value>
                <![CDATA[{usersearch=Seyi}]]>
              </value>
            </param>
          </params>
          <reporter-output>
          </reporter-output>
        </test-method> <!-- ValidateUserSearchField -->
        <test-method signature="ValidateEventFieldDropDownList()[pri:4, instance:admin.AuditLogTest@4659191b]" started-at="2022-03-08T18:02:36 WAT" name="ValidateEventFieldDropDownList" finished-at="2022-03-08T18:02:36 WAT" duration-ms="295" status="PASS">
          <reporter-output>
          </reporter-output>
        </test-method> <!-- ValidateEventFieldDropDownList -->
        <test-method signature="ValidateAuditLogCardResponse()[pri:5, instance:admin.AuditLogTest@4659191b]" started-at="2022-03-08T18:02:36 WAT" name="ValidateAuditLogCardResponse" finished-at="2022-03-08T18:03:00 WAT" duration-ms="23523" status="PASS">
          <reporter-output>
          </reporter-output>
        </test-method> <!-- ValidateAuditLogCardResponse -->
        <test-method is-config="true" signature="terminate()[pri:0, instance:admin.AuditLogTest@4659191b]" started-at="2022-03-08T18:03:00 WAT" name="terminate" finished-at="2022-03-08T18:03:00 WAT" duration-ms="161" status="PASS">
          <reporter-output>
          </reporter-output>
        </test-method> <!-- terminate -->
      </class> <!-- admin.AuditLogTest -->
    </test> <!-- Default test -->
  </suite> <!-- Default suite -->
</testng-results>
