<?xml version="1.0" encoding="UTF-8"?>
<testng-results ignored="0" total="3" passed="3" failed="0" skipped="0">
  <reporter-output>
  </reporter-output>
  <suite started-at="2022-02-25T14:09:01 WAT" name="Default suite" finished-at="2022-02-25T14:09:25 WAT" duration-ms="24379">
    <groups>
    </groups>
    <test started-at="2022-02-25T14:09:01 WAT" name="Default test" finished-at="2022-02-25T14:09:25 WAT" duration-ms="24379">
      <class name="admin.ProfileTest">
        <test-method is-config="true" signature="initialize()[pri:0, instance:admin.ProfileTest@36916eb0]" started-at="2022-02-25T14:09:01 WAT" name="initialize" finished-at="2022-02-25T14:09:17 WAT" duration-ms="16773" status="PASS">
          <reporter-output>
          </reporter-output>
        </test-method> <!-- initialize -->
        <test-method signature="ValidateProfilePage(java.util.HashMap)[pri:1, instance:admin.ProfileTest@36916eb0]" started-at="2022-02-25T14:09:17 WAT" name="ValidateProfilePage" data-provider="mergedData" finished-at="2022-02-25T14:09:24 WAT" duration-ms="6262" status="PASS">
          <params>
            <param index="0">
              <value>
                <![CDATA[{invalidEmailAddress=jerry@gmail.c, emailNotFound=tryme@gmail.com, permitName=test, lga=Amuwo-Odofin LGA, invalidPassword=OSOBASE4@, agentNoCoupon=jtest@gmail.com, emailAddress=base4jerry@gmail.com, password=Osobase4@, invalidMultipleCouponQuantity=0, companyEmail=bimec37232@naluzotan.com, invalidEmailResetPassword=jtest@gmail.com, companyPhoneNumber=84948940303}]]>
              </value>
            </param>
          </params>
          <reporter-output>
          </reporter-output>
        </test-method> <!-- ValidateProfilePage -->
        <test-method signature="InvalidPhoneNumberFormat(java.util.HashMap)[pri:7, instance:admin.ProfileTest@36916eb0]" started-at="2022-02-25T14:09:24 WAT" name="InvalidPhoneNumberFormat" data-provider="invalidGetData" finished-at="2022-02-25T14:09:24 WAT" duration-ms="277" status="PASS">
          <params>
            <param index="0">
              <value>
                <![CDATA[{Invalidemailaddress=email.com, Invalidphonenumber=9593952048, invalidCoupon=okokooko}]]>
              </value>
            </param>
          </params>
          <reporter-output>
          </reporter-output>
        </test-method> <!-- InvalidPhoneNumberFormat -->
        <test-method signature="InvalidPhoneNumberFormat(java.util.HashMap)[pri:7, instance:admin.ProfileTest@36916eb0]" started-at="2022-02-25T14:09:24 WAT" name="InvalidPhoneNumberFormat" data-provider="invalidGetData" finished-at="2022-02-25T14:09:25 WAT" duration-ms="985" status="PASS">
          <params>
            <param index="0">
              <value>
                <![CDATA[{Invalidemailaddress=email@gmail.c, Invalidphonenumber=9593952$4a4, invalidCoupon=okokooko1}]]>
              </value>
            </param>
          </params>
          <reporter-output>
          </reporter-output>
        </test-method> <!-- InvalidPhoneNumberFormat -->
      </class> <!-- admin.ProfileTest -->
    </test> <!-- Default test -->
  </suite> <!-- Default suite -->
</testng-results>
